Database connection successful
GET request received
Failed to fetch data: SQLSTATE[42S22]: Column not found: 1054 Unknown column 'ti.average_grades' in 'field list'
Database connection successful
GET request received
Failed to fetch data: SQLSTATE[42S22]: Column not found: 1054 Unknown column 'ti.average_grades' in 'field list'
Resolved python script path: 
Resolved python script path: 
Resolved python script path: C:\Users\Rollin Jhay B. Abaja\Work-Allocation\backend\prediction\teacher_retention.py
Return code: 1
Error output:
Traceback (most recent call last):
  File "C:\Users\Rollin Jhay B. Abaja\Work-Allocation\backend\prediction\teacher_retention.py", line 4, in <module>
    from . import data_preparation, forecasting
ImportError: attempted relative import with no known parent package

Output:

Resolved python script path: C:\Users\Rollin Jhay B. Abaja\Work-Allocation\backend\prediction\teacher_retention.py
Return code: 1
Error output:
Traceback (most recent call last):
  File "C:\Users\Rollin Jhay B. Abaja\Work-Allocation\backend\prediction\teacher_retention.py", line 4, in <module>
    from . import data_preparation, forecasting
ImportError: attempted relative import with no known parent package

Output:

Resolved python script path: C:\Users\Rollin Jhay B. Abaja\Work-Allocation\backend\prediction\teacher_retention.py
Return code: 1
Error output:
Traceback (most recent call last):
  File "C:\Users\Rollin Jhay B. Abaja\Work-Allocation\backend\prediction\teacher_retention.py", line 4, in <module>
    from . import data_preparation, forecasting
ImportError: attempted relative import with no known parent package

Output:

Resolved python script path: C:\Users\Rollin Jhay B. Abaja\Work-Allocation\backend\prediction\teacher_retention.py
Return code: 1
Error output:
Traceback (most recent call last):
  File "C:\Users\Rollin Jhay B. Abaja\Work-Allocation\backend\prediction\teacher_retention.py", line 4, in <module>
    from . import data_preparation, forecasting
ImportError: attempted relative import with no known parent package

Output:

Resolved python script path: C:\Users\Rollin Jhay B. Abaja\Work-Allocation\backend\prediction\teacher_retention.py
Return code: 1
Error output:
C:\Python312\python.exe: Error while finding module specification for 'prediction.teacher_retention' (ModuleNotFoundError: No module named 'prediction')

Output:

Resolved python script path: C:\Users\Rollin Jhay B. Abaja\Work-Allocation\backend\prediction\teacher_retention.py
Return code: 1
Error output:
C:\Python312\python.exe: Error while finding module specification for 'prediction.teacher_retention' (ModuleNotFoundError: No module named 'prediction')

Output:

Resolved python script path: C:\Users\Rollin Jhay B. Abaja\Work-Allocation\backend\prediction\teacher_retention.py
Return code: 1
Error output:
C:\Python312\python.exe: Error while finding module specification for 'prediction.teacher_retention' (ModuleNotFoundError: No module named 'prediction')

Output:

Resolved python script path: C:\Users\Rollin Jhay B. Abaja\Work-Allocation\backend\prediction\teacher_retention.py
Return code: 1
Error output:
C:\Python312\python.exe: Error while finding module specification for 'prediction.teacher_retention' (ModuleNotFoundError: No module named 'prediction')

Output:

Resolved python script path: C:\Users\Rollin Jhay B. Abaja\Work-Allocation\backend\prediction\teacher_retention.py
Return code: 1
Error output:
C:\Python312\python.exe: Error while finding module specification for 'prediction.teacher_retention' (ModuleNotFoundError: No module named 'prediction')

Output:

Resolved python script path: C:\Users\Rollin Jhay B. Abaja\Work-Allocation\backend\prediction\teacher_retention.py
Return code: 1
Error output:
C:\Python312\python.exe: Error while finding module specification for 'prediction.teacher_retention' (ModuleNotFoundError: No module named 'prediction')

Output:

Resolved python script path: C:\Users\Rollin Jhay B. Abaja\Work-Allocation\backend\prediction\teacher_retention.py
Return code: 1
Error output:
C:\Python312\python.exe: Error while finding module specification for 'prediction.teacher_retention' (ModuleNotFoundError: No module named 'prediction')

Output:

Resolved python script path: C:\Users\Rollin Jhay B. Abaja\Work-Allocation\backend\prediction\teacher_retention.py
Return code: 1
Error output:
C:\Python312\python.exe: Error while finding module specification for 'prediction.teacher_retention' (ModuleNotFoundError: No module named 'prediction')

Output:

Resolved python script path: C:\Users\Rollin Jhay B. Abaja\Work-Allocation\backend\prediction\teacher_retention.py
Return code: 1
Error output:
Traceback (most recent call last):
  File "C:\Users\Rollin Jhay B. Abaja\Work-Allocation\backend\prediction\teacher_retention.py", line 4, in <module>
    from . import data_preparation, forecasting
ImportError: attempted relative import with no known parent package

Output:

Resolved python script path: C:\Users\Rollin Jhay B. Abaja\Work-Allocation\backend\prediction\teacher_retention.py
Return code: 1
Error output:
Traceback (most recent call last):
  File "C:\Users\Rollin Jhay B. Abaja\Work-Allocation\backend\prediction\teacher_retention.py", line 4, in <module>
    from . import data_preparation, forecasting
ImportError: attempted relative import with no known parent package

Output:

Resolved python script path: C:\Users\Rollin Jhay B. Abaja\Work-Allocation\backend\prediction\teacher_retention.py
Return code: 1
Error output:
Traceback (most recent call last):
  File "C:\Users\Rollin Jhay B. Abaja\Work-Allocation\backend\prediction\teacher_retention.py", line 13, in <module>
    from ml_models import teacher_retention_models as ml_models
ImportError: cannot import name 'teacher_retention_models' from 'ml_models' (C:\Users\Rollin Jhay B. Abaja\Work-Allocation\backend\prediction\ml_models.py)

Output:

Resolved python script path: C:\Users\Rollin Jhay B. Abaja\Work-Allocation\backend\prediction\teacher_retention.py
Return code: 1
Error output:
Traceback (most recent call last):
  File "C:\Users\Rollin Jhay B. Abaja\Work-Allocation\backend\prediction\teacher_retention.py", line 13, in <module>
    from ml_models import teacher_retention_models as ml_models
ImportError: cannot import name 'teacher_retention_models' from 'ml_models' (C:\Users\Rollin Jhay B. Abaja\Work-Allocation\backend\prediction\ml_models.py)

Output:

Resolved python script path: C:\Users\Rollin Jhay B. Abaja\Work-Allocation\backend\prediction\teacher_retention.py
Return code: 0
Error output:

Output:
Strand: STEM
Sample resignation_rate: 8     0.044444
9     0.500000
10    0.043478
11    0.333333
20    0.063830
Name: resignation_rate_STEM, dtype: float64
Sample retention_rate: 8     0.311111
9     1.500000
10    0.326087
11    1.444444
20    0.340426
Name: retention_rate_STEM, dtype: float64
Strand: ABM
Sample resignation_rate: 0     0.571429
1     0.050000
17    0.375000
18    0.048780
27    0.071429
Name: resignation_rate_ABM, dtype: float64
Sample retention_rate: 0     1.714286
1     0.325000
17    1.625000
18    0.341463
27    0.357143
Name: retention_rate_ABM, dtype: float64
Strand: GAS
Sample resignation_rate: 4     0.090909
5     0.666667
13    0.088235
19    0.428571
24    0.250000
Name: resignation_rate_GAS, dtype: float64
Sample retention_rate: 4     0.454545
5     2.000000
13    0.470588
19    1.857143
24    1.750000
Name: retention_rate_GAS, dtype: float64
Strand: HUMSS
Sample resignation_rate: 6     0.111111
7     0.800000
12    0.500000
14    0.107143
22    0.285714
Name: resignation_rate_HUMSS, dtype: float64
Sample retention_rate: 6     0.592593
7     2.400000
12    2.166667
14    0.607143
22    2.000000
Name: retention_rate_HUMSS, dtype: float64
Strand: ICT
Sample resignation_rate: 2     1.000000
3     0.095238
15    0.600000
16    0.090909
26    0.086957
Name: resignation_rate_ICT, dtype: float64
Sample retention_rate: 2     3.000000
3     0.714286
15    2.600000
16    0.727273
26    0.739130
Name: retention_rate_ICT, dtype: float64
{"resignations_forecast": {"STEM": [0.08899134203534886, 0.4076491841491842, 0.056031140016907226], "ABM": [0.4669213564213564, 0.05943845816690395, 0.3938347763347763], "GAS": [0.14358510875229158, 0.5506926406926403, 0.0990684786861256], "HUMSS": [0.1887481718087251, 0.616762384792626, 0.4886008158508157], "ICT": [0.7242237762237766, 0.16928728517858946, 0.6089177489177497]}, "retentions_forecast": {"STEM": [0.5505107347933037, 1.0, 0.3286182222935425], "ABM": [1.0, 0.41677091758685647, 1.0], "GAS": [0.5465374581907083, 1.0, 0.47245695138264715], "HUMSS": [0.7956282837944412, 1.0, 1.0], "ICT": [1.0, 0.8521823693214992, 1.0]}, "resignations_count": {"STEM": [1.4238614725655818, 6.5223869463869475, 0.8964982402705156], "ABM": [7.003820346320346, 0.8915768725035592, 5.907521645021645], "GAS": [2.0101915225320823, 7.709696969696965, 1.3869587016057585], "HUMSS": [2.4537262335134264, 8.017911002304139, 6.351810606060605], "ICT": [8.69068531468532, 2.0314474221430734, 7.307012987012997]}, "retentions_count": {"STEM": [8.80817175669286, 16.0, 5.25789155669668], "ABM": [15.0, 6.251563763802847, 15.0], "GAS": [7.651524414669916, 14.0, 6.61439731935706], "HUMSS": [10.343167689327736, 13.0, 13.0], "ICT": [12.0, 10.22618843185799, 12.0]}, "mean_historical_resignations": {"STEM": 2.933333333333333, "ABM": 2.933333333333333, "GAS": 3.066666666666667, "HUMSS": 3.066666666666667, "ICT": 2.6666666666666665}, "mean_historical_retentions": {"STEM": 16.2, "ABM": 15.8, "GAS": 16.6, "HUMSS": 17.0, "ICT": 16.6}, "weighted_mean_resignation_rate": [0.3083183555659537, 0.3596145601862098, 0.3121400311424503], "weighted_mean_retention_rate": [0.7686123408670072, 0.8496821742237263, 0.7410326982293393], "hires_needed": {"STEM": [0, 0, 0], "ABM": [0, 0, 0], "GAS": [0, 0, 0], "HUMSS": [0, 0, 0], "ICT": [0, 0, 0]}, "last_year": 2024, "evaluation": {"resignation_models": {}, "retention_models": {}}}

Resolved python script path: C:\Users\Rollin Jhay B. Abaja\Work-Allocation\backend\prediction\teacher_retention.py
Return code: 0
Error output:

Output:
Strand: STEM
Sample resignation_rate: 8     0.044444
9     0.500000
10    0.043478
11    0.333333
20    0.063830
Name: resignation_rate_STEM, dtype: float64
Sample retention_rate: 8     0.311111
9     1.500000
10    0.326087
11    1.444444
20    0.340426
Name: retention_rate_STEM, dtype: float64
Strand: ABM
Sample resignation_rate: 0     0.571429
1     0.050000
17    0.375000
18    0.048780
27    0.071429
Name: resignation_rate_ABM, dtype: float64
Sample retention_rate: 0     1.714286
1     0.325000
17    1.625000
18    0.341463
27    0.357143
Name: retention_rate_ABM, dtype: float64
Strand: GAS
Sample resignation_rate: 4     0.090909
5     0.666667
13    0.088235
19    0.428571
24    0.250000
Name: resignation_rate_GAS, dtype: float64
Sample retention_rate: 4     0.454545
5     2.000000
13    0.470588
19    1.857143
24    1.750000
Name: retention_rate_GAS, dtype: float64
Strand: HUMSS
Sample resignation_rate: 6     0.111111
7     0.800000
12    0.500000
14    0.107143
22    0.285714
Name: resignation_rate_HUMSS, dtype: float64
Sample retention_rate: 6     0.592593
7     2.400000
12    2.166667
14    0.607143
22    2.000000
Name: retention_rate_HUMSS, dtype: float64
Strand: ICT
Sample resignation_rate: 2     1.000000
3     0.095238
15    0.600000
16    0.090909
26    0.086957
Name: resignation_rate_ICT, dtype: float64
Sample retention_rate: 2     3.000000
3     0.714286
15    2.600000
16    0.727273
26    0.739130
Name: retention_rate_ICT, dtype: float64
{"resignations_forecast": {"STEM": [0.08899134203534886, 0.4076491841491842, 0.056031140016907226], "ABM": [0.4669213564213564, 0.05943845816690395, 0.3938347763347763], "GAS": [0.14358510875229158, 0.5506926406926403, 0.0990684786861256], "HUMSS": [0.1887481718087251, 0.616762384792626, 0.4886008158508157], "ICT": [0.7242237762237766, 0.16928728517858946, 0.6089177489177497]}, "retentions_forecast": {"STEM": [0.5505107347933037, 1.0, 0.3286182222935425], "ABM": [1.0, 0.41677091758685647, 1.0], "GAS": [0.5465374581907083, 1.0, 0.47245695138264715], "HUMSS": [0.7956282837944412, 1.0, 1.0], "ICT": [1.0, 0.8521823693214992, 1.0]}, "resignations_count": {"STEM": [1.4238614725655818, 6.5223869463869475, 0.8964982402705156], "ABM": [7.003820346320346, 0.8915768725035592, 5.907521645021645], "GAS": [2.0101915225320823, 7.709696969696965, 1.3869587016057585], "HUMSS": [2.4537262335134264, 8.017911002304139, 6.351810606060605], "ICT": [8.69068531468532, 2.0314474221430734, 7.307012987012997]}, "retentions_count": {"STEM": [8.80817175669286, 16.0, 5.25789155669668], "ABM": [15.0, 6.251563763802847, 15.0], "GAS": [7.651524414669916, 14.0, 6.61439731935706], "HUMSS": [10.343167689327736, 13.0, 13.0], "ICT": [12.0, 10.22618843185799, 12.0]}, "mean_historical_resignations": {"STEM": 2.933333333333333, "ABM": 2.933333333333333, "GAS": 3.066666666666667, "HUMSS": 3.066666666666667, "ICT": 2.6666666666666665}, "mean_historical_retentions": {"STEM": 16.2, "ABM": 15.8, "GAS": 16.6, "HUMSS": 17.0, "ICT": 16.6}, "weighted_mean_resignation_rate": [0.3083183555659537, 0.3596145601862098, 0.3121400311424503], "weighted_mean_retention_rate": [0.7686123408670072, 0.8496821742237263, 0.7410326982293393], "hires_needed": {"STEM": [0, 0, 0], "ABM": [0, 0, 0], "GAS": [0, 0, 0], "HUMSS": [0, 0, 0], "ICT": [0, 0, 0]}, "last_year": 2024, "evaluation": {"resignation_models": {}, "retention_models": {}}}

Resolved python script path: C:\Users\Rollin Jhay B. Abaja\Work-Allocation\backend\prediction\teacher_retention.py
Return code: 0
Error output:

Output:
Strand: STEM
Sample resignation_rate: 8     0.044444
9     0.500000
10    0.043478
11    0.333333
20    0.063830
Name: resignation_rate_STEM, dtype: float64
Sample retention_rate: 8     0.311111
9     1.500000
10    0.326087
11    1.444444
20    0.340426
Name: retention_rate_STEM, dtype: float64
Strand: ABM
Sample resignation_rate: 0     0.571429
1     0.050000
17    0.375000
18    0.048780
27    0.071429
Name: resignation_rate_ABM, dtype: float64
Sample retention_rate: 0     1.714286
1     0.325000
17    1.625000
18    0.341463
27    0.357143
Name: retention_rate_ABM, dtype: float64
Strand: GAS
Sample resignation_rate: 4     0.090909
5     0.666667
13    0.088235
19    0.428571
24    0.250000
Name: resignation_rate_GAS, dtype: float64
Sample retention_rate: 4     0.454545
5     2.000000
13    0.470588
19    1.857143
24    1.750000
Name: retention_rate_GAS, dtype: float64
Strand: HUMSS
Sample resignation_rate: 6     0.111111
7     0.800000
12    0.500000
14    0.107143
22    0.285714
Name: resignation_rate_HUMSS, dtype: float64
Sample retention_rate: 6     0.592593
7     2.400000
12    2.166667
14    0.607143
22    2.000000
Name: retention_rate_HUMSS, dtype: float64
Strand: ICT
Sample resignation_rate: 2     1.000000
3     0.095238
15    0.600000
16    0.090909
26    0.086957
Name: resignation_rate_ICT, dtype: float64
Sample retention_rate: 2     3.000000
3     0.714286
15    2.600000
16    0.727273
26    0.739130
Name: retention_rate_ICT, dtype: float64
{"resignations_forecast": {"STEM": [0.08899134203534886, 0.4076491841491842, 0.056031140016907226], "ABM": [0.4669213564213564, 0.05943845816690395, 0.3938347763347763], "GAS": [0.14358510875229158, 0.5506926406926403, 0.0990684786861256], "HUMSS": [0.1887481718087251, 0.616762384792626, 0.4886008158508157], "ICT": [0.7242237762237766, 0.16928728517858946, 0.6089177489177497]}, "retentions_forecast": {"STEM": [0.5505107347933037, 1.0, 0.3286182222935425], "ABM": [1.0, 0.41677091758685647, 1.0], "GAS": [0.5465374581907083, 1.0, 0.47245695138264715], "HUMSS": [0.7956282837944412, 1.0, 1.0], "ICT": [1.0, 0.8521823693214992, 1.0]}, "resignations_count": {"STEM": [1.4238614725655818, 6.5223869463869475, 0.8964982402705156], "ABM": [7.003820346320346, 0.8915768725035592, 5.907521645021645], "GAS": [2.0101915225320823, 7.709696969696965, 1.3869587016057585], "HUMSS": [2.4537262335134264, 8.017911002304139, 6.351810606060605], "ICT": [8.69068531468532, 2.0314474221430734, 7.307012987012997]}, "retentions_count": {"STEM": [8.80817175669286, 16.0, 5.25789155669668], "ABM": [15.0, 6.251563763802847, 15.0], "GAS": [7.651524414669916, 14.0, 6.61439731935706], "HUMSS": [10.343167689327736, 13.0, 13.0], "ICT": [12.0, 10.22618843185799, 12.0]}, "mean_historical_resignations": {"STEM": 2.933333333333333, "ABM": 2.933333333333333, "GAS": 3.066666666666667, "HUMSS": 3.066666666666667, "ICT": 2.6666666666666665}, "mean_historical_retentions": {"STEM": 16.2, "ABM": 15.8, "GAS": 16.6, "HUMSS": 17.0, "ICT": 16.6}, "weighted_mean_resignation_rate": [0.3083183555659537, 0.3596145601862098, 0.3121400311424503], "weighted_mean_retention_rate": [0.7686123408670072, 0.8496821742237263, 0.7410326982293393], "hires_needed": {"STEM": [0, 0, 0], "ABM": [0, 0, 0], "GAS": [0, 0, 0], "HUMSS": [0, 0, 0], "ICT": [0, 0, 0]}, "last_year": 2024, "evaluation": {"resignation_models": {}, "retention_models": {}}}

Resolved python script path: C:\Users\Rollin Jhay B. Abaja\Work-Allocation\backend\prediction\teacher_retention.py
Return code: 0
Error output:

Output:
Strand: STEM
Sample resignation_rate: 8     0.044444
9     0.500000
10    0.043478
11    0.333333
20    0.063830
Name: resignation_rate_STEM, dtype: float64
Sample retention_rate: 8     0.311111
9     1.500000
10    0.326087
11    1.444444
20    0.340426
Name: retention_rate_STEM, dtype: float64
Strand: ABM
Sample resignation_rate: 0     0.571429
1     0.050000
17    0.375000
18    0.048780
27    0.071429
Name: resignation_rate_ABM, dtype: float64
Sample retention_rate: 0     1.714286
1     0.325000
17    1.625000
18    0.341463
27    0.357143
Name: retention_rate_ABM, dtype: float64
Strand: GAS
Sample resignation_rate: 4     0.090909
5     0.666667
13    0.088235
19    0.428571
24    0.250000
Name: resignation_rate_GAS, dtype: float64
Sample retention_rate: 4     0.454545
5     2.000000
13    0.470588
19    1.857143
24    1.750000
Name: retention_rate_GAS, dtype: float64
Strand: HUMSS
Sample resignation_rate: 6     0.111111
7     0.800000
12    0.500000
14    0.107143
22    0.285714
Name: resignation_rate_HUMSS, dtype: float64
Sample retention_rate: 6     0.592593
7     2.400000
12    2.166667
14    0.607143
22    2.000000
Name: retention_rate_HUMSS, dtype: float64
Strand: ICT
Sample resignation_rate: 2     1.000000
3     0.095238
15    0.600000
16    0.090909
26    0.086957
Name: resignation_rate_ICT, dtype: float64
Sample retention_rate: 2     3.000000
3     0.714286
15    2.600000
16    0.727273
26    0.739130
Name: retention_rate_ICT, dtype: float64
{"resignations_forecast": {"STEM": [0.08899134203534886, 0.4076491841491842, 0.056031140016907226], "ABM": [0.4669213564213564, 0.05943845816690395, 0.3938347763347763], "GAS": [0.14358510875229158, 0.5506926406926403, 0.0990684786861256], "HUMSS": [0.1887481718087251, 0.616762384792626, 0.4886008158508157], "ICT": [0.7242237762237766, 0.16928728517858946, 0.6089177489177497]}, "retentions_forecast": {"STEM": [0.5505107347933037, 1.0, 0.3286182222935425], "ABM": [1.0, 0.41677091758685647, 1.0], "GAS": [0.5465374581907083, 1.0, 0.47245695138264715], "HUMSS": [0.7956282837944412, 1.0, 1.0], "ICT": [1.0, 0.8521823693214992, 1.0]}, "resignations_count": {"STEM": [1.4238614725655818, 6.5223869463869475, 0.8964982402705156], "ABM": [7.003820346320346, 0.8915768725035592, 5.907521645021645], "GAS": [2.0101915225320823, 7.709696969696965, 1.3869587016057585], "HUMSS": [2.4537262335134264, 8.017911002304139, 6.351810606060605], "ICT": [8.69068531468532, 2.0314474221430734, 7.307012987012997]}, "retentions_count": {"STEM": [8.80817175669286, 16.0, 5.25789155669668], "ABM": [15.0, 6.251563763802847, 15.0], "GAS": [7.651524414669916, 14.0, 6.61439731935706], "HUMSS": [10.343167689327736, 13.0, 13.0], "ICT": [12.0, 10.22618843185799, 12.0]}, "mean_historical_resignations": {"STEM": 2.933333333333333, "ABM": 2.933333333333333, "GAS": 3.066666666666667, "HUMSS": 3.066666666666667, "ICT": 2.6666666666666665}, "mean_historical_retentions": {"STEM": 16.2, "ABM": 15.8, "GAS": 16.6, "HUMSS": 17.0, "ICT": 16.6}, "weighted_mean_resignation_rate": [0.3083183555659537, 0.3596145601862098, 0.3121400311424503], "weighted_mean_retention_rate": [0.7686123408670072, 0.8496821742237263, 0.7410326982293393], "hires_needed": {"STEM": [0, 0, 0], "ABM": [0, 0, 0], "GAS": [0, 0, 0], "HUMSS": [0, 0, 0], "ICT": [0, 0, 0]}, "last_year": 2024, "evaluation": {"resignation_models": {}, "retention_models": {}}}

Resolved python script path: C:\Users\Rollin Jhay B. Abaja\Work-Allocation\backend\prediction\teacher_retention.py
Return code: 0
Error output:

Output:
{"resignations_forecast": {"STEM": [0.08899134203534886, 0.4076491841491842, 0.056031140016907226], "ABM": [0.4669213564213564, 0.05943845816690395, 0.3938347763347763], "GAS": [0.14358510875229158, 0.5506926406926403, 0.0990684786861256], "HUMSS": [0.1887481718087251, 0.616762384792626, 0.4886008158508157], "ICT": [0.7242237762237766, 0.16928728517858946, 0.6089177489177497]}, "retentions_forecast": {"STEM": [0.5505107347933037, 1.0, 0.3286182222935425], "ABM": [1.0, 0.41677091758685647, 1.0], "GAS": [0.5465374581907083, 1.0, 0.47245695138264715], "HUMSS": [0.7956282837944412, 1.0, 1.0], "ICT": [1.0, 0.8521823693214992, 1.0]}, "resignations_count": {"STEM": [1.4238614725655818, 6.5223869463869475, 0.8964982402705156], "ABM": [7.003820346320346, 0.8915768725035592, 5.907521645021645], "GAS": [2.0101915225320823, 7.709696969696965, 1.3869587016057585], "HUMSS": [2.4537262335134264, 8.017911002304139, 6.351810606060605], "ICT": [8.69068531468532, 2.0314474221430734, 7.307012987012997]}, "retentions_count": {"STEM": [8.80817175669286, 16.0, 5.25789155669668], "ABM": [15.0, 6.251563763802847, 15.0], "GAS": [7.651524414669916, 14.0, 6.61439731935706], "HUMSS": [10.343167689327736, 13.0, 13.0], "ICT": [12.0, 10.22618843185799, 12.0]}, "mean_historical_resignations": {"STEM": 2.933333333333333, "ABM": 2.933333333333333, "GAS": 3.066666666666667, "HUMSS": 3.066666666666667, "ICT": 2.6666666666666665}, "mean_historical_retentions": {"STEM": 16.2, "ABM": 15.8, "GAS": 16.6, "HUMSS": 17.0, "ICT": 16.6}, "weighted_mean_resignation_rate": [0.3083183555659537, 0.3596145601862098, 0.3121400311424503], "weighted_mean_retention_rate": [0.7686123408670072, 0.8496821742237263, 0.7410326982293393], "hires_needed": {"STEM": [0, 0, 0], "ABM": [0, 0, 0], "GAS": [0, 0, 0], "HUMSS": [0, 0, 0], "ICT": [0, 0, 0]}, "last_year": 2024, "evaluation": {"resignation_models": {}, "retention_models": {}}}

Resolved python script path: C:\Users\Rollin Jhay B. Abaja\Work-Allocation\backend\prediction\teacher_retention.py
Return code: 0
Error output:

Output:
{"resignations_forecast": {"STEM": [0.08899134203534886, 0.4076491841491842, 0.056031140016907226], "ABM": [0.4669213564213564, 0.05943845816690395, 0.3938347763347763], "GAS": [0.14358510875229158, 0.5506926406926403, 0.0990684786861256], "HUMSS": [0.1887481718087251, 0.616762384792626, 0.4886008158508157], "ICT": [0.7242237762237766, 0.16928728517858946, 0.6089177489177497]}, "retentions_forecast": {"STEM": [0.5505107347933037, 1.0, 0.3286182222935425], "ABM": [1.0, 0.41677091758685647, 1.0], "GAS": [0.5465374581907083, 1.0, 0.47245695138264715], "HUMSS": [0.7956282837944412, 1.0, 1.0], "ICT": [1.0, 0.8521823693214992, 1.0]}, "resignations_count": {"STEM": [1.4238614725655818, 6.5223869463869475, 0.8964982402705156], "ABM": [7.003820346320346, 0.8915768725035592, 5.907521645021645], "GAS": [2.0101915225320823, 7.709696969696965, 1.3869587016057585], "HUMSS": [2.4537262335134264, 8.017911002304139, 6.351810606060605], "ICT": [8.69068531468532, 2.0314474221430734, 7.307012987012997]}, "retentions_count": {"STEM": [8.80817175669286, 16.0, 5.25789155669668], "ABM": [15.0, 6.251563763802847, 15.0], "GAS": [7.651524414669916, 14.0, 6.61439731935706], "HUMSS": [10.343167689327736, 13.0, 13.0], "ICT": [12.0, 10.22618843185799, 12.0]}, "mean_historical_resignations": {"STEM": 2.933333333333333, "ABM": 2.933333333333333, "GAS": 3.066666666666667, "HUMSS": 3.066666666666667, "ICT": 2.6666666666666665}, "mean_historical_retentions": {"STEM": 16.2, "ABM": 15.8, "GAS": 16.6, "HUMSS": 17.0, "ICT": 16.6}, "weighted_mean_resignation_rate": [0.3083183555659537, 0.3596145601862098, 0.3121400311424503], "weighted_mean_retention_rate": [0.7686123408670072, 0.8496821742237263, 0.7410326982293393], "hires_needed": {"STEM": [0, 0, 0], "ABM": [0, 0, 0], "GAS": [0, 0, 0], "HUMSS": [0, 0, 0], "ICT": [0, 0, 0]}, "last_year": 2024, "evaluation": {"resignation_models": {}, "retention_models": {}}}

Resolved python script path: C:\Users\Rollin Jhay B. Abaja\Work-Allocation\backend\prediction\teacher_retention.py
Return code: 0
Error output:

Output:
{"resignations_forecast": {"STEM": [0.08899134203534886, 0.4076491841491842, 0.056031140016907226], "ABM": [0.4669213564213564, 0.05943845816690395, 0.3938347763347763], "GAS": [0.14358510875229158, 0.5506926406926403, 0.0990684786861256], "HUMSS": [0.1887481718087251, 0.616762384792626, 0.4886008158508157], "ICT": [0.7242237762237766, 0.16928728517858946, 0.6089177489177497]}, "retentions_forecast": {"STEM": [0.5505107347933037, 1.0, 0.3286182222935425], "ABM": [1.0, 0.41677091758685647, 1.0], "GAS": [0.5465374581907083, 1.0, 0.47245695138264715], "HUMSS": [0.7956282837944412, 1.0, 1.0], "ICT": [1.0, 0.8521823693214992, 1.0]}, "resignations_count": {"STEM": [1.4238614725655818, 6.5223869463869475, 0.8964982402705156], "ABM": [7.003820346320346, 0.8915768725035592, 5.907521645021645], "GAS": [2.0101915225320823, 7.709696969696965, 1.3869587016057585], "HUMSS": [2.4537262335134264, 8.017911002304139, 6.351810606060605], "ICT": [8.69068531468532, 2.0314474221430734, 7.307012987012997]}, "retentions_count": {"STEM": [8.80817175669286, 16.0, 5.25789155669668], "ABM": [15.0, 6.251563763802847, 15.0], "GAS": [7.651524414669916, 14.0, 6.61439731935706], "HUMSS": [10.343167689327736, 13.0, 13.0], "ICT": [12.0, 10.22618843185799, 12.0]}, "mean_historical_resignations": {"STEM": 2.933333333333333, "ABM": 2.933333333333333, "GAS": 3.066666666666667, "HUMSS": 3.066666666666667, "ICT": 2.6666666666666665}, "mean_historical_retentions": {"STEM": 16.2, "ABM": 15.8, "GAS": 16.6, "HUMSS": 17.0, "ICT": 16.6}, "weighted_mean_resignation_rate": [0.3083183555659537, 0.3596145601862098, 0.3121400311424503], "weighted_mean_retention_rate": [0.7686123408670072, 0.8496821742237263, 0.7410326982293393], "hires_needed": {"STEM": [0, 0, 0], "ABM": [0, 0, 0], "GAS": [0, 0, 0], "HUMSS": [0, 0, 0], "ICT": [0, 0, 0]}, "last_year": 2024, "evaluation": {"resignation_models": {}, "retention_models": {}}}

Resolved python script path: C:\Users\Rollin Jhay B. Abaja\Work-Allocation\backend\prediction\teacher_retention.py
Return code: 0
Error output:

Output:
{"resignations_forecast": {"STEM": [0.08899134203534886, 0.4076491841491842, 0.056031140016907226], "ABM": [0.4669213564213564, 0.05943845816690395, 0.3938347763347763], "GAS": [0.14358510875229158, 0.5506926406926403, 0.0990684786861256], "HUMSS": [0.1887481718087251, 0.616762384792626, 0.4886008158508157], "ICT": [0.7242237762237766, 0.16928728517858946, 0.6089177489177497]}, "retentions_forecast": {"STEM": [0.5505107347933037, 1.0, 0.3286182222935425], "ABM": [1.0, 0.41677091758685647, 1.0], "GAS": [0.5465374581907083, 1.0, 0.47245695138264715], "HUMSS": [0.7956282837944412, 1.0, 1.0], "ICT": [1.0, 0.8521823693214992, 1.0]}, "resignations_count": {"STEM": [1.4238614725655818, 6.5223869463869475, 0.8964982402705156], "ABM": [7.003820346320346, 0.8915768725035592, 5.907521645021645], "GAS": [2.0101915225320823, 7.709696969696965, 1.3869587016057585], "HUMSS": [2.4537262335134264, 8.017911002304139, 6.351810606060605], "ICT": [8.69068531468532, 2.0314474221430734, 7.307012987012997]}, "retentions_count": {"STEM": [8.80817175669286, 16.0, 5.25789155669668], "ABM": [15.0, 6.251563763802847, 15.0], "GAS": [7.651524414669916, 14.0, 6.61439731935706], "HUMSS": [10.343167689327736, 13.0, 13.0], "ICT": [12.0, 10.22618843185799, 12.0]}, "mean_historical_resignations": {"STEM": 2.933333333333333, "ABM": 2.933333333333333, "GAS": 3.066666666666667, "HUMSS": 3.066666666666667, "ICT": 2.6666666666666665}, "mean_historical_retentions": {"STEM": 16.2, "ABM": 15.8, "GAS": 16.6, "HUMSS": 17.0, "ICT": 16.6}, "weighted_mean_resignation_rate": [0.3083183555659537, 0.3596145601862098, 0.3121400311424503], "weighted_mean_retention_rate": [0.7686123408670072, 0.8496821742237263, 0.7410326982293393], "hires_needed": {"STEM": [0, 0, 0], "ABM": [0, 0, 0], "GAS": [0, 0, 0], "HUMSS": [0, 0, 0], "ICT": [0, 0, 0]}, "last_year": 2024, "evaluation": {"resignation_models": {}, "retention_models": {}}}

Resolved python script path: C:\Users\Rollin Jhay B. Abaja\Work-Allocation\backend\prediction\teacher_retention.py
Return code: 0
Error output:

Output:
{"resignations_forecast": {"STEM": [0.08899134203534886, 0.4076491841491842, 0.056031140016907226], "ABM": [0.4669213564213564, 0.05943845816690395, 0.3938347763347763], "GAS": [0.14358510875229158, 0.5506926406926403, 0.0990684786861256], "HUMSS": [0.1887481718087251, 0.616762384792626, 0.4886008158508157], "ICT": [0.7242237762237766, 0.16928728517858946, 0.6089177489177497]}, "retentions_forecast": {"STEM": [0.5505107347933037, 1.0, 0.3286182222935425], "ABM": [1.0, 0.41677091758685647, 1.0], "GAS": [0.5465374581907083, 1.0, 0.47245695138264715], "HUMSS": [0.7956282837944412, 1.0, 1.0], "ICT": [1.0, 0.8521823693214992, 1.0]}, "resignations_count": {"STEM": [1.4238614725655818, 6.5223869463869475, 0.8964982402705156], "ABM": [7.003820346320346, 0.8915768725035592, 5.907521645021645], "GAS": [2.0101915225320823, 7.709696969696965, 1.3869587016057585], "HUMSS": [2.4537262335134264, 8.017911002304139, 6.351810606060605], "ICT": [8.69068531468532, 2.0314474221430734, 7.307012987012997]}, "retentions_count": {"STEM": [8.80817175669286, 16.0, 5.25789155669668], "ABM": [15.0, 6.251563763802847, 15.0], "GAS": [7.651524414669916, 14.0, 6.61439731935706], "HUMSS": [10.343167689327736, 13.0, 13.0], "ICT": [12.0, 10.22618843185799, 12.0]}, "mean_historical_resignations": {"STEM": 2.933333333333333, "ABM": 2.933333333333333, "GAS": 3.066666666666667, "HUMSS": 3.066666666666667, "ICT": 2.6666666666666665}, "mean_historical_retentions": {"STEM": 16.2, "ABM": 15.8, "GAS": 16.6, "HUMSS": 17.0, "ICT": 16.6}, "weighted_mean_resignation_rate": [0.3083183555659537, 0.3596145601862098, 0.3121400311424503], "weighted_mean_retention_rate": [0.7686123408670072, 0.8496821742237263, 0.7410326982293393], "hires_needed": {"STEM": [0, 0, 0], "ABM": [0, 0, 0], "GAS": [0, 0, 0], "HUMSS": [0, 0, 0], "ICT": [0, 0, 0]}, "last_year": 2024, "evaluation": {"resignation_models": {}, "retention_models": {}}}

Resolved python script path: C:\Users\Rollin Jhay B. Abaja\Work-Allocation\backend\prediction\teacher_retention.py
Return code: 0
Error output:

Output:
{"resignations_forecast": {"STEM": [0.08899134203534886, 0.4076491841491842, 0.056031140016907226], "ABM": [0.4669213564213564, 0.05943845816690395, 0.3938347763347763], "GAS": [0.14358510875229158, 0.5506926406926403, 0.0990684786861256], "HUMSS": [0.1887481718087251, 0.616762384792626, 0.4886008158508157], "ICT": [0.7242237762237766, 0.16928728517858946, 0.6089177489177497]}, "retentions_forecast": {"STEM": [0.5505107347933037, 1.0, 0.3286182222935425], "ABM": [1.0, 0.41677091758685647, 1.0], "GAS": [0.5465374581907083, 1.0, 0.47245695138264715], "HUMSS": [0.7956282837944412, 1.0, 1.0], "ICT": [1.0, 0.8521823693214992, 1.0]}, "resignations_count": {"STEM": [1.4238614725655818, 6.5223869463869475, 0.8964982402705156], "ABM": [7.003820346320346, 0.8915768725035592, 5.907521645021645], "GAS": [2.0101915225320823, 7.709696969696965, 1.3869587016057585], "HUMSS": [2.4537262335134264, 8.017911002304139, 6.351810606060605], "ICT": [8.69068531468532, 2.0314474221430734, 7.307012987012997]}, "retentions_count": {"STEM": [8.80817175669286, 16.0, 5.25789155669668], "ABM": [15.0, 6.251563763802847, 15.0], "GAS": [7.651524414669916, 14.0, 6.61439731935706], "HUMSS": [10.343167689327736, 13.0, 13.0], "ICT": [12.0, 10.22618843185799, 12.0]}, "mean_historical_resignations": {"STEM": 2.933333333333333, "ABM": 2.933333333333333, "GAS": 3.066666666666667, "HUMSS": 3.066666666666667, "ICT": 2.6666666666666665}, "mean_historical_retentions": {"STEM": 16.2, "ABM": 15.8, "GAS": 16.6, "HUMSS": 17.0, "ICT": 16.6}, "weighted_mean_resignation_rate": [0.3083183555659537, 0.3596145601862098, 0.3121400311424503], "weighted_mean_retention_rate": [0.7686123408670072, 0.8496821742237263, 0.7410326982293393], "hires_needed": {"STEM": [0, 0, 0], "ABM": [0, 0, 0], "GAS": [0, 0, 0], "HUMSS": [0, 0, 0], "ICT": [0, 0, 0]}, "last_year": 2024, "evaluation": {"resignation_models": {}, "retention_models": {}}}

Resolved python script path: C:\Users\Rollin Jhay B. Abaja\Work-Allocation\backend\prediction\teacher_retention.py
Return code: 0
Error output:

Output:
{"resignations_forecast": {"STEM": [0.08899134203534886, 0.4076491841491842, 0.056031140016907226], "ABM": [0.4669213564213564, 0.05943845816690395, 0.3938347763347763], "GAS": [0.14358510875229158, 0.5506926406926403, 0.0990684786861256], "HUMSS": [0.1887481718087251, 0.616762384792626, 0.4886008158508157], "ICT": [0.7242237762237766, 0.16928728517858946, 0.6089177489177497]}, "retentions_forecast": {"STEM": [0.5505107347933037, 1.0, 0.3286182222935425], "ABM": [1.0, 0.41677091758685647, 1.0], "GAS": [0.5465374581907083, 1.0, 0.47245695138264715], "HUMSS": [0.7956282837944412, 1.0, 1.0], "ICT": [1.0, 0.8521823693214992, 1.0]}, "resignations_count": {"STEM": [1.4238614725655818, 6.5223869463869475, 0.8964982402705156], "ABM": [7.003820346320346, 0.8915768725035592, 5.907521645021645], "GAS": [2.0101915225320823, 7.709696969696965, 1.3869587016057585], "HUMSS": [2.4537262335134264, 8.017911002304139, 6.351810606060605], "ICT": [8.69068531468532, 2.0314474221430734, 7.307012987012997]}, "retentions_count": {"STEM": [8.80817175669286, 16.0, 5.25789155669668], "ABM": [15.0, 6.251563763802847, 15.0], "GAS": [7.651524414669916, 14.0, 6.61439731935706], "HUMSS": [10.343167689327736, 13.0, 13.0], "ICT": [12.0, 10.22618843185799, 12.0]}, "mean_historical_resignations": {"STEM": 2.933333333333333, "ABM": 2.933333333333333, "GAS": 3.066666666666667, "HUMSS": 3.066666666666667, "ICT": 2.6666666666666665}, "mean_historical_retentions": {"STEM": 16.2, "ABM": 15.8, "GAS": 16.6, "HUMSS": 17.0, "ICT": 16.6}, "weighted_mean_resignation_rate": [0.3083183555659537, 0.3596145601862098, 0.3121400311424503], "weighted_mean_retention_rate": [0.7686123408670072, 0.8496821742237263, 0.7410326982293393], "hires_needed": {"STEM": [0, 0, 0], "ABM": [0, 0, 0], "GAS": [0, 0, 0], "HUMSS": [0, 0, 0], "ICT": [0, 0, 0]}, "last_year": 2024, "evaluation": {"resignation_models": {}, "retention_models": {}}}

Resolved python script path: C:\Users\Rollin Jhay B. Abaja\Work-Allocation\backend\prediction\teacher_retention.py
Return code: 0
Error output:

Output:
{"resignations_forecast": {"STEM": [0.08899134203534886, 0.4076491841491842, 0.056031140016907226], "ABM": [0.4669213564213564, 0.05943845816690395, 0.3938347763347763], "GAS": [0.14358510875229158, 0.5506926406926403, 0.0990684786861256], "HUMSS": [0.1887481718087251, 0.616762384792626, 0.4886008158508157], "ICT": [0.7242237762237766, 0.16928728517858946, 0.6089177489177497]}, "retentions_forecast": {"STEM": [0.5505107347933037, 1.0, 0.3286182222935425], "ABM": [1.0, 0.41677091758685647, 1.0], "GAS": [0.5465374581907083, 1.0, 0.47245695138264715], "HUMSS": [0.7956282837944412, 1.0, 1.0], "ICT": [1.0, 0.8521823693214992, 1.0]}, "resignations_count": {"STEM": [1.4238614725655818, 6.5223869463869475, 0.8964982402705156], "ABM": [7.003820346320346, 0.8915768725035592, 5.907521645021645], "GAS": [2.0101915225320823, 7.709696969696965, 1.3869587016057585], "HUMSS": [2.4537262335134264, 8.017911002304139, 6.351810606060605], "ICT": [8.69068531468532, 2.0314474221430734, 7.307012987012997]}, "retentions_count": {"STEM": [8.80817175669286, 16.0, 5.25789155669668], "ABM": [15.0, 6.251563763802847, 15.0], "GAS": [7.651524414669916, 14.0, 6.61439731935706], "HUMSS": [10.343167689327736, 13.0, 13.0], "ICT": [12.0, 10.22618843185799, 12.0]}, "mean_historical_resignations": {"STEM": 2.933333333333333, "ABM": 2.933333333333333, "GAS": 3.066666666666667, "HUMSS": 3.066666666666667, "ICT": 2.6666666666666665}, "mean_historical_retentions": {"STEM": 16.2, "ABM": 15.8, "GAS": 16.6, "HUMSS": 17.0, "ICT": 16.6}, "weighted_mean_resignation_rate": [0.3083183555659537, 0.3596145601862098, 0.3121400311424503], "weighted_mean_retention_rate": [0.7686123408670072, 0.8496821742237263, 0.7410326982293393], "hires_needed": {"STEM": [0, 0, 0], "ABM": [0, 0, 0], "GAS": [0, 0, 0], "HUMSS": [0, 0, 0], "ICT": [0, 0, 0]}, "last_year": 2024, "evaluation": {"resignation_models": {}, "retention_models": {}}}

Resolved python script path: C:\Users\Rollin Jhay B. Abaja\Work-Allocation\backend\prediction\teacher_retention.py
Return code: 0
Error output:

Output:
{"resignations_forecast": {"STEM": [0.08899134203534886, 0.4076491841491842, 0.056031140016907226], "ABM": [0.4669213564213564, 0.05943845816690395, 0.3938347763347763], "GAS": [0.14358510875229158, 0.5506926406926403, 0.0990684786861256], "HUMSS": [0.1887481718087251, 0.616762384792626, 0.4886008158508157], "ICT": [0.7242237762237766, 0.16928728517858946, 0.6089177489177497]}, "retentions_forecast": {"STEM": [0.5505107347933037, 1.0, 0.3286182222935425], "ABM": [1.0, 0.41677091758685647, 1.0], "GAS": [0.5465374581907083, 1.0, 0.47245695138264715], "HUMSS": [0.7956282837944412, 1.0, 1.0], "ICT": [1.0, 0.8521823693214992, 1.0]}, "resignations_count": {"STEM": [1.4238614725655818, 6.5223869463869475, 0.8964982402705156], "ABM": [7.003820346320346, 0.8915768725035592, 5.907521645021645], "GAS": [2.0101915225320823, 7.709696969696965, 1.3869587016057585], "HUMSS": [2.4537262335134264, 8.017911002304139, 6.351810606060605], "ICT": [8.69068531468532, 2.0314474221430734, 7.307012987012997]}, "retentions_count": {"STEM": [8.80817175669286, 16.0, 5.25789155669668], "ABM": [15.0, 6.251563763802847, 15.0], "GAS": [7.651524414669916, 14.0, 6.61439731935706], "HUMSS": [10.343167689327736, 13.0, 13.0], "ICT": [12.0, 10.22618843185799, 12.0]}, "mean_historical_resignations": {"STEM": 2.933333333333333, "ABM": 2.933333333333333, "GAS": 3.066666666666667, "HUMSS": 3.066666666666667, "ICT": 2.6666666666666665}, "mean_historical_retentions": {"STEM": 16.2, "ABM": 15.8, "GAS": 16.6, "HUMSS": 17.0, "ICT": 16.6}, "weighted_mean_resignation_rate": [0.3083183555659537, 0.3596145601862098, 0.3121400311424503], "weighted_mean_retention_rate": [0.7686123408670072, 0.8496821742237263, 0.7410326982293393], "hires_needed": {"STEM": [0, 0, 0], "ABM": [0, 0, 0], "GAS": [0, 0, 0], "HUMSS": [0, 0, 0], "ICT": [0, 0, 0]}, "last_year": 2024, "evaluation": {"resignation_models": {}, "retention_models": {}}}

Resolved python script path: C:\Users\Rollin Jhay B. Abaja\Work-Allocation\backend\prediction\teacher_retention.py
Return code: 0
Error output:

Output:
{"resignations_forecast": {"STEM": [0.08899134203534886, 0.4076491841491842, 0.056031140016907226], "ABM": [0.4669213564213564, 0.05943845816690395, 0.3938347763347763], "GAS": [0.14358510875229158, 0.5506926406926403, 0.0990684786861256], "HUMSS": [0.1887481718087251, 0.616762384792626, 0.4886008158508157], "ICT": [0.7242237762237766, 0.16928728517858946, 0.6089177489177497]}, "retentions_forecast": {"STEM": [0.5505107347933037, 1.0, 0.3286182222935425], "ABM": [1.0, 0.41677091758685647, 1.0], "GAS": [0.5465374581907083, 1.0, 0.47245695138264715], "HUMSS": [0.7956282837944412, 1.0, 1.0], "ICT": [1.0, 0.8521823693214992, 1.0]}, "resignations_count": {"STEM": [1.4238614725655818, 6.5223869463869475, 0.8964982402705156], "ABM": [7.003820346320346, 0.8915768725035592, 5.907521645021645], "GAS": [2.0101915225320823, 7.709696969696965, 1.3869587016057585], "HUMSS": [2.4537262335134264, 8.017911002304139, 6.351810606060605], "ICT": [8.69068531468532, 2.0314474221430734, 7.307012987012997]}, "retentions_count": {"STEM": [8.80817175669286, 16.0, 5.25789155669668], "ABM": [15.0, 6.251563763802847, 15.0], "GAS": [7.651524414669916, 14.0, 6.61439731935706], "HUMSS": [10.343167689327736, 13.0, 13.0], "ICT": [12.0, 10.22618843185799, 12.0]}, "mean_historical_resignations": {"STEM": 2.933333333333333, "ABM": 2.933333333333333, "GAS": 3.066666666666667, "HUMSS": 3.066666666666667, "ICT": 2.6666666666666665}, "mean_historical_retentions": {"STEM": 16.2, "ABM": 15.8, "GAS": 16.6, "HUMSS": 17.0, "ICT": 16.6}, "weighted_mean_resignation_rate": [0.3083183555659537, 0.3596145601862098, 0.3121400311424503], "weighted_mean_retention_rate": [0.7686123408670072, 0.8496821742237263, 0.7410326982293393], "hires_needed": {"STEM": [0, 0, 0], "ABM": [0, 0, 0], "GAS": [0, 0, 0], "HUMSS": [0, 0, 0], "ICT": [0, 0, 0]}, "last_year": 2024, "evaluation": {"resignation_models": {}, "retention_models": {}}}

Resolved python script path: C:\Users\Rollin Jhay B. Abaja\Work-Allocation\backend\prediction\teacher_retention.py
Return code: 0
Error output:

Output:
{"resignations_forecast": {"STEM": [0.08899134203534886, 0.4076491841491842, 0.056031140016907226], "ABM": [0.4669213564213564, 0.05943845816690395, 0.3938347763347763], "GAS": [0.14358510875229158, 0.5506926406926403, 0.0990684786861256], "HUMSS": [0.1887481718087251, 0.616762384792626, 0.4886008158508157], "ICT": [0.7242237762237766, 0.16928728517858946, 0.6089177489177497]}, "retentions_forecast": {"STEM": [0.5505107347933037, 1.0, 0.3286182222935425], "ABM": [1.0, 0.41677091758685647, 1.0], "GAS": [0.5465374581907083, 1.0, 0.47245695138264715], "HUMSS": [0.7956282837944412, 1.0, 1.0], "ICT": [1.0, 0.8521823693214992, 1.0]}, "resignations_count": {"STEM": [1.4238614725655818, 6.5223869463869475, 0.8964982402705156], "ABM": [7.003820346320346, 0.8915768725035592, 5.907521645021645], "GAS": [2.0101915225320823, 7.709696969696965, 1.3869587016057585], "HUMSS": [2.4537262335134264, 8.017911002304139, 6.351810606060605], "ICT": [8.69068531468532, 2.0314474221430734, 7.307012987012997]}, "retentions_count": {"STEM": [8.80817175669286, 16.0, 5.25789155669668], "ABM": [15.0, 6.251563763802847, 15.0], "GAS": [7.651524414669916, 14.0, 6.61439731935706], "HUMSS": [10.343167689327736, 13.0, 13.0], "ICT": [12.0, 10.22618843185799, 12.0]}, "mean_historical_resignations": {"STEM": 2.933333333333333, "ABM": 2.933333333333333, "GAS": 3.066666666666667, "HUMSS": 3.066666666666667, "ICT": 2.6666666666666665}, "mean_historical_retentions": {"STEM": 16.2, "ABM": 15.8, "GAS": 16.6, "HUMSS": 17.0, "ICT": 16.6}, "weighted_mean_resignation_rate": [0.3083183555659537, 0.3596145601862098, 0.3121400311424503], "weighted_mean_retention_rate": [0.7686123408670072, 0.8496821742237263, 0.7410326982293393], "hires_needed": {"STEM": [0, 0, 0], "ABM": [0, 0, 0], "GAS": [0, 0, 0], "HUMSS": [0, 0, 0], "ICT": [0, 0, 0]}, "last_year": 2024, "evaluation": {"resignation_models": {}, "retention_models": {}}}

Resolved python script path: C:\Users\Rollin Jhay B. Abaja\Work-Allocation\backend\prediction\teacher_retention.py
Return code: 0
Error output:

Output:
{"resignations_forecast": {"STEM": [0.08899134203534886, 0.4076491841491842, 0.056031140016907226], "ABM": [0.4669213564213564, 0.05943845816690395, 0.3938347763347763], "GAS": [0.14358510875229158, 0.5506926406926403, 0.0990684786861256], "HUMSS": [0.1887481718087251, 0.616762384792626, 0.4886008158508157], "ICT": [0.7242237762237766, 0.16928728517858946, 0.6089177489177497]}, "retentions_forecast": {"STEM": [0.5505107347933037, 1.0, 0.3286182222935425], "ABM": [1.0, 0.41677091758685647, 1.0], "GAS": [0.5465374581907083, 1.0, 0.47245695138264715], "HUMSS": [0.7956282837944412, 1.0, 1.0], "ICT": [1.0, 0.8521823693214992, 1.0]}, "resignations_count": {"STEM": [1.4238614725655818, 6.5223869463869475, 0.8964982402705156], "ABM": [7.003820346320346, 0.8915768725035592, 5.907521645021645], "GAS": [2.0101915225320823, 7.709696969696965, 1.3869587016057585], "HUMSS": [2.4537262335134264, 8.017911002304139, 6.351810606060605], "ICT": [8.69068531468532, 2.0314474221430734, 7.307012987012997]}, "retentions_count": {"STEM": [8.80817175669286, 16.0, 5.25789155669668], "ABM": [15.0, 6.251563763802847, 15.0], "GAS": [7.651524414669916, 14.0, 6.61439731935706], "HUMSS": [10.343167689327736, 13.0, 13.0], "ICT": [12.0, 10.22618843185799, 12.0]}, "mean_historical_resignations": {"STEM": 2.933333333333333, "ABM": 2.933333333333333, "GAS": 3.066666666666667, "HUMSS": 3.066666666666667, "ICT": 2.6666666666666665}, "mean_historical_retentions": {"STEM": 16.2, "ABM": 15.8, "GAS": 16.6, "HUMSS": 17.0, "ICT": 16.6}, "weighted_mean_resignation_rate": [0.3083183555659537, 0.3596145601862098, 0.3121400311424503], "weighted_mean_retention_rate": [0.7686123408670072, 0.8496821742237263, 0.7410326982293393], "hires_needed": {"STEM": [0, 0, 0], "ABM": [0, 0, 0], "GAS": [0, 0, 0], "HUMSS": [0, 0, 0], "ICT": [0, 0, 0]}, "last_year": 2024, "evaluation": {"resignation_models": {}, "retention_models": {}}}

Resolved python script path: C:\Users\Rollin Jhay B. Abaja\Work-Allocation\backend\prediction\teacher_retention.py
Return code: 0
Error output:

Output:
{"resignations_forecast": {"STEM": [0.08899134203534886, 0.4076491841491842, 0.056031140016907226], "ABM": [0.4669213564213564, 0.05943845816690395, 0.3938347763347763], "GAS": [0.14358510875229158, 0.5506926406926403, 0.0990684786861256], "HUMSS": [0.1887481718087251, 0.616762384792626, 0.4886008158508157], "ICT": [0.7242237762237766, 0.16928728517858946, 0.6089177489177497]}, "retentions_forecast": {"STEM": [0.5505107347933037, 1.0, 0.3286182222935425], "ABM": [1.0, 0.41677091758685647, 1.0], "GAS": [0.5465374581907083, 1.0, 0.47245695138264715], "HUMSS": [0.7956282837944412, 1.0, 1.0], "ICT": [1.0, 0.8521823693214992, 1.0]}, "resignations_count": {"STEM": [1.4238614725655818, 6.5223869463869475, 0.8964982402705156], "ABM": [7.003820346320346, 0.8915768725035592, 5.907521645021645], "GAS": [2.0101915225320823, 7.709696969696965, 1.3869587016057585], "HUMSS": [2.4537262335134264, 8.017911002304139, 6.351810606060605], "ICT": [8.69068531468532, 2.0314474221430734, 7.307012987012997]}, "retentions_count": {"STEM": [8.80817175669286, 16.0, 5.25789155669668], "ABM": [15.0, 6.251563763802847, 15.0], "GAS": [7.651524414669916, 14.0, 6.61439731935706], "HUMSS": [10.343167689327736, 13.0, 13.0], "ICT": [12.0, 10.22618843185799, 12.0]}, "mean_historical_resignations": {"STEM": 2.933333333333333, "ABM": 2.933333333333333, "GAS": 3.066666666666667, "HUMSS": 3.066666666666667, "ICT": 2.6666666666666665}, "mean_historical_retentions": {"STEM": 16.2, "ABM": 15.8, "GAS": 16.6, "HUMSS": 17.0, "ICT": 16.6}, "weighted_mean_resignation_rate": [0.3083183555659537, 0.3596145601862098, 0.3121400311424503], "weighted_mean_retention_rate": [0.7686123408670072, 0.8496821742237263, 0.7410326982293393], "hires_needed": {"STEM": [0, 0, 0], "ABM": [0, 0, 0], "GAS": [0, 0, 0], "HUMSS": [0, 0, 0], "ICT": [0, 0, 0]}, "last_year": 2024, "evaluation": {"resignation_models": {}, "retention_models": {}}}

Resolved python script path: C:\Users\Rollin Jhay B. Abaja\Work-Allocation\backend\prediction\teacher_retention.py
Return code: 0
Error output:

Output:
{"resignations_forecast": {"STEM": [0.08899134203534886, 0.4076491841491842, 0.056031140016907226], "ABM": [0.4669213564213564, 0.05943845816690395, 0.3938347763347763], "GAS": [0.14358510875229158, 0.5506926406926403, 0.0990684786861256], "HUMSS": [0.1887481718087251, 0.616762384792626, 0.4886008158508157], "ICT": [0.7242237762237766, 0.16928728517858946, 0.6089177489177497]}, "retentions_forecast": {"STEM": [0.5505107347933037, 1.0, 0.3286182222935425], "ABM": [1.0, 0.41677091758685647, 1.0], "GAS": [0.5465374581907083, 1.0, 0.47245695138264715], "HUMSS": [0.7956282837944412, 1.0, 1.0], "ICT": [1.0, 0.8521823693214992, 1.0]}, "resignations_count": {"STEM": [1.4238614725655818, 6.5223869463869475, 0.8964982402705156], "ABM": [7.003820346320346, 0.8915768725035592, 5.907521645021645], "GAS": [2.0101915225320823, 7.709696969696965, 1.3869587016057585], "HUMSS": [2.4537262335134264, 8.017911002304139, 6.351810606060605], "ICT": [8.69068531468532, 2.0314474221430734, 7.307012987012997]}, "retentions_count": {"STEM": [8.80817175669286, 16.0, 5.25789155669668], "ABM": [15.0, 6.251563763802847, 15.0], "GAS": [7.651524414669916, 14.0, 6.61439731935706], "HUMSS": [10.343167689327736, 13.0, 13.0], "ICT": [12.0, 10.22618843185799, 12.0]}, "mean_historical_resignations": {"STEM": 2.933333333333333, "ABM": 2.933333333333333, "GAS": 3.066666666666667, "HUMSS": 3.066666666666667, "ICT": 2.6666666666666665}, "mean_historical_retentions": {"STEM": 16.2, "ABM": 15.8, "GAS": 16.6, "HUMSS": 17.0, "ICT": 16.6}, "weighted_mean_resignation_rate": [0.3083183555659537, 0.3596145601862098, 0.3121400311424503], "weighted_mean_retention_rate": [0.7686123408670072, 0.8496821742237263, 0.7410326982293393], "hires_needed": {"STEM": [0, 0, 0], "ABM": [0, 0, 0], "GAS": [0, 0, 0], "HUMSS": [0, 0, 0], "ICT": [0, 0, 0]}, "last_year": 2024, "evaluation": {"resignation_models": {}, "retention_models": {}}}

Resolved python script path: C:\Users\Rollin Jhay B. Abaja\Work-Allocation\backend\prediction\teacher_retention.py
Return code: 0
Error output:

Output:
{"resignations_forecast": {"STEM": [0.08899134203534886, 0.4076491841491842, 0.056031140016907226], "ABM": [0.4669213564213564, 0.05943845816690395, 0.3938347763347763], "GAS": [0.14358510875229158, 0.5506926406926403, 0.0990684786861256], "HUMSS": [0.1887481718087251, 0.616762384792626, 0.4886008158508157], "ICT": [0.7242237762237766, 0.16928728517858946, 0.6089177489177497]}, "retentions_forecast": {"STEM": [0.5505107347933037, 1.0, 0.3286182222935425], "ABM": [1.0, 0.41677091758685647, 1.0], "GAS": [0.5465374581907083, 1.0, 0.47245695138264715], "HUMSS": [0.7956282837944412, 1.0, 1.0], "ICT": [1.0, 0.8521823693214992, 1.0]}, "resignations_count": {"STEM": [1.4238614725655818, 6.5223869463869475, 0.8964982402705156], "ABM": [7.003820346320346, 0.8915768725035592, 5.907521645021645], "GAS": [2.0101915225320823, 7.709696969696965, 1.3869587016057585], "HUMSS": [2.4537262335134264, 8.017911002304139, 6.351810606060605], "ICT": [8.69068531468532, 2.0314474221430734, 7.307012987012997]}, "retentions_count": {"STEM": [8.80817175669286, 16.0, 5.25789155669668], "ABM": [15.0, 6.251563763802847, 15.0], "GAS": [7.651524414669916, 14.0, 6.61439731935706], "HUMSS": [10.343167689327736, 13.0, 13.0], "ICT": [12.0, 10.22618843185799, 12.0]}, "mean_historical_resignations": {"STEM": 2.933333333333333, "ABM": 2.933333333333333, "GAS": 3.066666666666667, "HUMSS": 3.066666666666667, "ICT": 2.6666666666666665}, "mean_historical_retentions": {"STEM": 16.2, "ABM": 15.8, "GAS": 16.6, "HUMSS": 17.0, "ICT": 16.6}, "weighted_mean_resignation_rate": [0.3083183555659537, 0.3596145601862098, 0.3121400311424503], "weighted_mean_retention_rate": [0.7686123408670072, 0.8496821742237263, 0.7410326982293393], "hires_needed": {"STEM": [0, 0, 0], "ABM": [0, 0, 0], "GAS": [0, 0, 0], "HUMSS": [0, 0, 0], "ICT": [0, 0, 0]}, "last_year": 2024, "evaluation": {"resignation_models": {}, "retention_models": {}}}

Resolved python script path: C:\Users\Rollin Jhay B. Abaja\Work-Allocation\backend\prediction\teacher_retention.py
Return code: 0
Error output:

Output:
{"resignations_forecast": {"STEM": [0.08899134203534886, 0.4076491841491842, 0.056031140016907226], "ABM": [0.4669213564213564, 0.05943845816690395, 0.3938347763347763], "GAS": [0.14358510875229158, 0.5506926406926403, 0.0990684786861256], "HUMSS": [0.1887481718087251, 0.616762384792626, 0.4886008158508157], "ICT": [0.7242237762237766, 0.16928728517858946, 0.6089177489177497]}, "retentions_forecast": {"STEM": [0.5505107347933037, 1.0, 0.3286182222935425], "ABM": [1.0, 0.41677091758685647, 1.0], "GAS": [0.5465374581907083, 1.0, 0.47245695138264715], "HUMSS": [0.7956282837944412, 1.0, 1.0], "ICT": [1.0, 0.8521823693214992, 1.0]}, "resignations_count": {"STEM": [1.4238614725655818, 6.5223869463869475, 0.8964982402705156], "ABM": [7.003820346320346, 0.8915768725035592, 5.907521645021645], "GAS": [2.0101915225320823, 7.709696969696965, 1.3869587016057585], "HUMSS": [2.4537262335134264, 8.017911002304139, 6.351810606060605], "ICT": [8.69068531468532, 2.0314474221430734, 7.307012987012997]}, "retentions_count": {"STEM": [8.80817175669286, 16.0, 5.25789155669668], "ABM": [15.0, 6.251563763802847, 15.0], "GAS": [7.651524414669916, 14.0, 6.61439731935706], "HUMSS": [10.343167689327736, 13.0, 13.0], "ICT": [12.0, 10.22618843185799, 12.0]}, "mean_historical_resignations": {"STEM": 2.933333333333333, "ABM": 2.933333333333333, "GAS": 3.066666666666667, "HUMSS": 3.066666666666667, "ICT": 2.6666666666666665}, "mean_historical_retentions": {"STEM": 16.2, "ABM": 15.8, "GAS": 16.6, "HUMSS": 17.0, "ICT": 16.6}, "weighted_mean_resignation_rate": [0.3083183555659537, 0.3596145601862098, 0.3121400311424503], "weighted_mean_retention_rate": [0.7686123408670072, 0.8496821742237263, 0.7410326982293393], "hires_needed": {"STEM": [0, 0, 0], "ABM": [0, 0, 0], "GAS": [0, 0, 0], "HUMSS": [0, 0, 0], "ICT": [0, 0, 0]}, "last_year": 2024, "evaluation": {"resignation_models": {}, "retention_models": {}}}

Resolved python script path: C:\Users\Rollin Jhay B. Abaja\Work-Allocation\backend\prediction\teacher_retention.py
Return code: 0
Error output:

Output:
{"resignations_forecast": {"STEM": [0.08899134203534886, 0.4076491841491842, 0.056031140016907226], "ABM": [0.4669213564213564, 0.05943845816690395, 0.3938347763347763], "GAS": [0.14358510875229158, 0.5506926406926403, 0.0990684786861256], "HUMSS": [0.1887481718087251, 0.616762384792626, 0.4886008158508157], "ICT": [0.7242237762237766, 0.16928728517858946, 0.6089177489177497]}, "retentions_forecast": {"STEM": [0.5505107347933037, 1.0, 0.3286182222935425], "ABM": [1.0, 0.41677091758685647, 1.0], "GAS": [0.5465374581907083, 1.0, 0.47245695138264715], "HUMSS": [0.7956282837944412, 1.0, 1.0], "ICT": [1.0, 0.8521823693214992, 1.0]}, "resignations_count": {"STEM": [1.4238614725655818, 6.5223869463869475, 0.8964982402705156], "ABM": [7.003820346320346, 0.8915768725035592, 5.907521645021645], "GAS": [2.0101915225320823, 7.709696969696965, 1.3869587016057585], "HUMSS": [2.4537262335134264, 8.017911002304139, 6.351810606060605], "ICT": [8.69068531468532, 2.0314474221430734, 7.307012987012997]}, "retentions_count": {"STEM": [8.80817175669286, 16.0, 5.25789155669668], "ABM": [15.0, 6.251563763802847, 15.0], "GAS": [7.651524414669916, 14.0, 6.61439731935706], "HUMSS": [10.343167689327736, 13.0, 13.0], "ICT": [12.0, 10.22618843185799, 12.0]}, "mean_historical_resignations": {"STEM": 2.933333333333333, "ABM": 2.933333333333333, "GAS": 3.066666666666667, "HUMSS": 3.066666666666667, "ICT": 2.6666666666666665}, "mean_historical_retentions": {"STEM": 16.2, "ABM": 15.8, "GAS": 16.6, "HUMSS": 17.0, "ICT": 16.6}, "weighted_mean_resignation_rate": [0.3083183555659537, 0.3596145601862098, 0.3121400311424503], "weighted_mean_retention_rate": [0.7686123408670072, 0.8496821742237263, 0.7410326982293393], "hires_needed": {"STEM": [0, 0, 0], "ABM": [0, 0, 0], "GAS": [0, 0, 0], "HUMSS": [0, 0, 0], "ICT": [0, 0, 0]}, "last_year": 2024, "evaluation": {"resignation_models": {}, "retention_models": {}}}

Resolved python script path: C:\Users\Rollin Jhay B. Abaja\Work-Allocation\backend\prediction\teacher_retention.py
Return code: 0
Error output:

Output:
{"resignations_forecast": {"STEM": [0.08899134203534886, 0.4076491841491842, 0.056031140016907226], "ABM": [0.4669213564213564, 0.05943845816690395, 0.3938347763347763], "GAS": [0.14358510875229158, 0.5506926406926403, 0.0990684786861256], "HUMSS": [0.1887481718087251, 0.616762384792626, 0.4886008158508157], "ICT": [0.7242237762237766, 0.16928728517858946, 0.6089177489177497]}, "retentions_forecast": {"STEM": [0.5505107347933037, 1.0, 0.3286182222935425], "ABM": [1.0, 0.41677091758685647, 1.0], "GAS": [0.5465374581907083, 1.0, 0.47245695138264715], "HUMSS": [0.7956282837944412, 1.0, 1.0], "ICT": [1.0, 0.8521823693214992, 1.0]}, "resignations_count": {"STEM": [1.4238614725655818, 6.5223869463869475, 0.8964982402705156], "ABM": [7.003820346320346, 0.8915768725035592, 5.907521645021645], "GAS": [2.0101915225320823, 7.709696969696965, 1.3869587016057585], "HUMSS": [2.4537262335134264, 8.017911002304139, 6.351810606060605], "ICT": [8.69068531468532, 2.0314474221430734, 7.307012987012997]}, "retentions_count": {"STEM": [8.80817175669286, 16.0, 5.25789155669668], "ABM": [15.0, 6.251563763802847, 15.0], "GAS": [7.651524414669916, 14.0, 6.61439731935706], "HUMSS": [10.343167689327736, 13.0, 13.0], "ICT": [12.0, 10.22618843185799, 12.0]}, "mean_historical_resignations": {"STEM": 2.933333333333333, "ABM": 2.933333333333333, "GAS": 3.066666666666667, "HUMSS": 3.066666666666667, "ICT": 2.6666666666666665}, "mean_historical_retentions": {"STEM": 16.2, "ABM": 15.8, "GAS": 16.6, "HUMSS": 17.0, "ICT": 16.6}, "weighted_mean_resignation_rate": [0.3083183555659537, 0.3596145601862098, 0.3121400311424503], "weighted_mean_retention_rate": [0.7686123408670072, 0.8496821742237263, 0.7410326982293393], "hires_needed": {"STEM": [0, 0, 0], "ABM": [0, 0, 0], "GAS": [0, 0, 0], "HUMSS": [0, 0, 0], "ICT": [0, 0, 0]}, "last_year": 2024, "evaluation": {"resignation_models": {}, "retention_models": {}}}

Resolved python script path: C:\Users\Rollin Jhay B. Abaja\Work-Allocation\backend\prediction\teacher_retention.py
Return code: 0
Error output:

Output:
{"resignations_forecast": {"STEM": [0.08899134203534886, 0.4076491841491842, 0.056031140016907226], "ABM": [0.4669213564213564, 0.05943845816690395, 0.3938347763347763], "GAS": [0.14358510875229158, 0.5506926406926403, 0.0990684786861256], "HUMSS": [0.1887481718087251, 0.616762384792626, 0.4886008158508157], "ICT": [0.7242237762237766, 0.16928728517858946, 0.6089177489177497]}, "retentions_forecast": {"STEM": [0.5505107347933037, 1.0, 0.3286182222935425], "ABM": [1.0, 0.41677091758685647, 1.0], "GAS": [0.5465374581907083, 1.0, 0.47245695138264715], "HUMSS": [0.7956282837944412, 1.0, 1.0], "ICT": [1.0, 0.8521823693214992, 1.0]}, "resignations_count": {"STEM": [1.4238614725655818, 6.5223869463869475, 0.8964982402705156], "ABM": [7.003820346320346, 0.8915768725035592, 5.907521645021645], "GAS": [2.0101915225320823, 7.709696969696965, 1.3869587016057585], "HUMSS": [2.4537262335134264, 8.017911002304139, 6.351810606060605], "ICT": [8.69068531468532, 2.0314474221430734, 7.307012987012997]}, "retentions_count": {"STEM": [8.80817175669286, 16.0, 5.25789155669668], "ABM": [15.0, 6.251563763802847, 15.0], "GAS": [7.651524414669916, 14.0, 6.61439731935706], "HUMSS": [10.343167689327736, 13.0, 13.0], "ICT": [12.0, 10.22618843185799, 12.0]}, "mean_historical_resignations": {"STEM": 2.933333333333333, "ABM": 2.933333333333333, "GAS": 3.066666666666667, "HUMSS": 3.066666666666667, "ICT": 2.6666666666666665}, "mean_historical_retentions": {"STEM": 16.2, "ABM": 15.8, "GAS": 16.6, "HUMSS": 17.0, "ICT": 16.6}, "weighted_mean_resignation_rate": [0.3083183555659537, 0.3596145601862098, 0.3121400311424503], "weighted_mean_retention_rate": [0.7686123408670072, 0.8496821742237263, 0.7410326982293393], "hires_needed": {"STEM": [0, 0, 0], "ABM": [0, 0, 0], "GAS": [0, 0, 0], "HUMSS": [0, 0, 0], "ICT": [0, 0, 0]}, "last_year": 2024, "evaluation": {"resignation_models": {}, "retention_models": {}}}

Resolved python script path: C:\Users\Rollin Jhay B. Abaja\Work-Allocation\backend\prediction\teacher_retention.py
Return code: 0
Error output:

Output:
{"resignations_forecast": {"STEM": [0.08899134203534886, 0.4076491841491842, 0.056031140016907226], "ABM": [0.4669213564213564, 0.05943845816690395, 0.3938347763347763], "GAS": [0.14358510875229158, 0.5506926406926403, 0.0990684786861256], "HUMSS": [0.1887481718087251, 0.616762384792626, 0.4886008158508157], "ICT": [0.7242237762237766, 0.16928728517858946, 0.6089177489177497]}, "retentions_forecast": {"STEM": [0.5505107347933037, 1.0, 0.3286182222935425], "ABM": [1.0, 0.41677091758685647, 1.0], "GAS": [0.5465374581907083, 1.0, 0.47245695138264715], "HUMSS": [0.7956282837944412, 1.0, 1.0], "ICT": [1.0, 0.8521823693214992, 1.0]}, "resignations_count": {"STEM": [1.4238614725655818, 6.5223869463869475, 0.8964982402705156], "ABM": [7.003820346320346, 0.8915768725035592, 5.907521645021645], "GAS": [2.0101915225320823, 7.709696969696965, 1.3869587016057585], "HUMSS": [2.4537262335134264, 8.017911002304139, 6.351810606060605], "ICT": [8.69068531468532, 2.0314474221430734, 7.307012987012997]}, "retentions_count": {"STEM": [8.80817175669286, 16.0, 5.25789155669668], "ABM": [15.0, 6.251563763802847, 15.0], "GAS": [7.651524414669916, 14.0, 6.61439731935706], "HUMSS": [10.343167689327736, 13.0, 13.0], "ICT": [12.0, 10.22618843185799, 12.0]}, "mean_historical_resignations": {"STEM": 2.933333333333333, "ABM": 2.933333333333333, "GAS": 3.066666666666667, "HUMSS": 3.066666666666667, "ICT": 2.6666666666666665}, "mean_historical_retentions": {"STEM": 16.2, "ABM": 15.8, "GAS": 16.6, "HUMSS": 17.0, "ICT": 16.6}, "weighted_mean_resignation_rate": [0.3083183555659537, 0.3596145601862098, 0.3121400311424503], "weighted_mean_retention_rate": [0.7686123408670072, 0.8496821742237263, 0.7410326982293393], "hires_needed": {"STEM": [0, 0, 0], "ABM": [0, 0, 0], "GAS": [0, 0, 0], "HUMSS": [0, 0, 0], "ICT": [0, 0, 0]}, "last_year": 2024, "evaluation": {"resignation_models": {}, "retention_models": {}}}

Resolved python script path: C:\Users\Rollin Jhay B. Abaja\Work-Allocation\backend\prediction\teacher_retention.py
Return code: 0
Error output:

Output:
{"resignations_forecast": {"STEM": [0.3935241425241426, 0.326428571428571, 0.23368031968031935], "ABM": [0, 0, 0], "GAS": [0, 0, 0], "HUMSS": [0, 0, 0], "ICT": [0, 0, 0]}, "retentions_forecast": {"STEM": [1.0, 1.0, 1.0], "ABM": [1, 1, 1], "GAS": [1, 1, 1], "HUMSS": [1, 1, 1], "ICT": [1, 1, 1]}, "resignations_count": {"STEM": [6.296386280386281, 5.222857142857136, 3.7388851148851097], "ABM": [0, 0, 0], "GAS": [0, 0, 0], "HUMSS": [0, 0, 0], "ICT": [0, 0, 0]}, "retentions_count": {"STEM": [16.0, 16.0, 16.0], "ABM": [0, 0, 0], "GAS": [0, 0, 0], "HUMSS": [0, 0, 0], "ICT": [0, 0, 0]}, "mean_historical_resignations": {"STEM": 3.111111111111111, "ABM": NaN, "GAS": NaN, "HUMSS": NaN, "ICT": NaN}, "mean_historical_retentions": {"STEM": 16.0, "ABM": NaN, "GAS": NaN, "HUMSS": NaN, "ICT": NaN}, "weighted_mean_resignation_rate": [0.3935241425241426, 0.326428571428571, 0.23368031968031935], "weighted_mean_retention_rate": [1.0, 1.0, 1.0], "hires_needed": {"STEM": [0, 0, 0], "ABM": [0, 0, 0], "GAS": [0, 0, 0], "HUMSS": [0, 0, 0], "ICT": [0, 0, 0]}, "last_year": 2024, "evaluation": {"resignation_models": {}, "retention_models": {}}}

Resolved python script path: C:\Users\Rollin Jhay B. Abaja\Work-Allocation\backend\prediction\teacher_retention.py
Return code: 0
Error output:

Output:
{"resignations_forecast": {"STEM": [0.3935241425241426, 0.326428571428571, 0.23368031968031935], "ABM": [0, 0, 0], "GAS": [0, 0, 0], "HUMSS": [0, 0, 0], "ICT": [0, 0, 0]}, "retentions_forecast": {"STEM": [1.0, 1.0, 1.0], "ABM": [1, 1, 1], "GAS": [1, 1, 1], "HUMSS": [1, 1, 1], "ICT": [1, 1, 1]}, "resignations_count": {"STEM": [6.296386280386281, 5.222857142857136, 3.7388851148851097], "ABM": [0, 0, 0], "GAS": [0, 0, 0], "HUMSS": [0, 0, 0], "ICT": [0, 0, 0]}, "retentions_count": {"STEM": [16.0, 16.0, 16.0], "ABM": [0, 0, 0], "GAS": [0, 0, 0], "HUMSS": [0, 0, 0], "ICT": [0, 0, 0]}, "mean_historical_resignations": {"STEM": 3.111111111111111, "ABM": NaN, "GAS": NaN, "HUMSS": NaN, "ICT": NaN}, "mean_historical_retentions": {"STEM": 16.0, "ABM": NaN, "GAS": NaN, "HUMSS": NaN, "ICT": NaN}, "weighted_mean_resignation_rate": [0.3935241425241426, 0.326428571428571, 0.23368031968031935], "weighted_mean_retention_rate": [1.0, 1.0, 1.0], "hires_needed": {"STEM": [0, 0, 0], "ABM": [0, 0, 0], "GAS": [0, 0, 0], "HUMSS": [0, 0, 0], "ICT": [0, 0, 0]}, "last_year": 2024, "evaluation": {"resignation_models": {}, "retention_models": {}}}

Resolved python script path: C:\Users\Rollin Jhay B. Abaja\Work-Allocation\backend\prediction\teacher_retention.py
Return code: 0
Error output:

Output:
{"resignations_forecast": {"STEM": [0.3935241425241426, 0.32942857142857107, 0.23368031968031935], "ABM": [0.44394153069153064, 0.37912720612720613, 0.25985614385614353], "GAS": [0, 0, 0], "HUMSS": [0.6206758519258512, 0.4894411976911974, 0.33617135642135615], "ICT": [0.7569047619047622, 0.6036190476190483, 0.4024285714285715]}, "retentions_forecast": {"STEM": [1.0, 1.0, 1.0], "ABM": [1.0, 1.0, 1.0], "GAS": [1, 1, 1], "HUMSS": [1.0, 1.0, 1.0], "ICT": [1.0, 1.0, 1.0]}, "resignations_count": {"STEM": [6.296386280386281, 5.270857142857137, 3.7388851148851097], "ABM": [6.65912296037296, 5.686908091908092, 3.897842157842153], "GAS": [0, 0, 0], "HUMSS": [8.068786075036066, 6.362735569985567, 4.37022763347763], "ICT": [9.082857142857147, 7.243428571428579, 4.829142857142858]}, "retentions_count": {"STEM": [16.0, 16.0, 16.0], "ABM": [15.0, 15.0, 15.0], "GAS": [0, 0, 0], "HUMSS": [13.0, 13.0, 13.0], "ICT": [12.0, 12.0, 12.0]}, "mean_historical_resignations": {"STEM": 3.111111111111111, "ABM": 3.111111111111111, "GAS": NaN, "HUMSS": 3.111111111111111, "ICT": 3.111111111111111}, "mean_historical_retentions": {"STEM": 16.0, "ABM": 16.0, "GAS": NaN, "HUMSS": 16.0, "ICT": 16.0}, "weighted_mean_resignation_rate": [0.5376277224759367, 0.4386415960032031, 0.30064460291692413], "weighted_mean_retention_rate": [1.0, 1.0, 1.0], "hires_needed": {"STEM": [0, 0, 0], "ABM": [0, 0, 0], "GAS": [0, 0, 0], "HUMSS": [0, 0, 0], "ICT": [0, 0, 0]}, "last_year": 2024, "evaluation": {"resignation_models": {}, "retention_models": {}}}

Resolved python script path: C:\Users\Rollin Jhay B. Abaja\Work-Allocation\backend\prediction\teacher_retention.py
Return code: 0
Error output:

Output:
{"resignations_forecast": {"STEM": [0.3935241425241426, 0.32942857142857107, 0.23368031968031935], "ABM": [0.44394153069153064, 0.37912720612720613, 0.25985614385614353], "GAS": [0, 0, 0], "HUMSS": [0.6206758519258512, 0.4894411976911974, 0.33617135642135615], "ICT": [0.7569047619047622, 0.6036190476190483, 0.4024285714285715]}, "retentions_forecast": {"STEM": [1.0, 1.0, 1.0], "ABM": [1.0, 1.0, 1.0], "GAS": [1, 1, 1], "HUMSS": [1.0, 1.0, 1.0], "ICT": [1.0, 1.0, 1.0]}, "resignations_count": {"STEM": [6.296386280386281, 5.270857142857137, 3.7388851148851097], "ABM": [6.65912296037296, 5.686908091908092, 3.897842157842153], "GAS": [0, 0, 0], "HUMSS": [8.068786075036066, 6.362735569985567, 4.37022763347763], "ICT": [9.082857142857147, 7.243428571428579, 4.829142857142858]}, "retentions_count": {"STEM": [16.0, 16.0, 16.0], "ABM": [15.0, 15.0, 15.0], "GAS": [0, 0, 0], "HUMSS": [13.0, 13.0, 13.0], "ICT": [12.0, 12.0, 12.0]}, "mean_historical_resignations": {"STEM": 3.111111111111111, "ABM": 3.111111111111111, "GAS": NaN, "HUMSS": 3.111111111111111, "ICT": 3.111111111111111}, "mean_historical_retentions": {"STEM": 16.0, "ABM": 16.0, "GAS": NaN, "HUMSS": 16.0, "ICT": 16.0}, "weighted_mean_resignation_rate": [0.5376277224759367, 0.4386415960032031, 0.30064460291692413], "weighted_mean_retention_rate": [1.0, 1.0, 1.0], "hires_needed": {"STEM": [0, 0, 0], "ABM": [0, 0, 0], "GAS": [0, 0, 0], "HUMSS": [0, 0, 0], "ICT": [0, 0, 0]}, "last_year": 2024, "evaluation": {"resignation_models": {}, "retention_models": {}}}

Resolved python script path: C:\Users\Rollin Jhay B. Abaja\Work-Allocation\backend\prediction\teacher_retention.py
Return code: 0
Error output:

Output:
{"resignations_forecast": {"STEM": [0.3935241425241426, 0.32942857142857107, 0.23368031968031935], "ABM": [0.44394153069153064, 0.37912720612720613, 0.25985614385614353], "GAS": [0, 0, 0], "HUMSS": [0.6206758519258512, 0.4894411976911974, 0.33617135642135615], "ICT": [0.7569047619047622, 0.6036190476190483, 0.4024285714285715]}, "retentions_forecast": {"STEM": [1.0, 1.0, 1.0], "ABM": [1.0, 1.0, 1.0], "GAS": [1, 1, 1], "HUMSS": [1.0, 1.0, 1.0], "ICT": [1.0, 1.0, 1.0]}, "resignations_count": {"STEM": [6.296386280386281, 5.270857142857137, 3.7388851148851097], "ABM": [6.65912296037296, 5.686908091908092, 3.897842157842153], "GAS": [0, 0, 0], "HUMSS": [8.068786075036066, 6.362735569985567, 4.37022763347763], "ICT": [9.082857142857147, 7.243428571428579, 4.829142857142858]}, "retentions_count": {"STEM": [16.0, 16.0, 16.0], "ABM": [15.0, 15.0, 15.0], "GAS": [0, 0, 0], "HUMSS": [13.0, 13.0, 13.0], "ICT": [12.0, 12.0, 12.0]}, "mean_historical_resignations": {"STEM": 3.111111111111111, "ABM": 3.111111111111111, "GAS": NaN, "HUMSS": 3.111111111111111, "ICT": 3.111111111111111}, "mean_historical_retentions": {"STEM": 16.0, "ABM": 16.0, "GAS": NaN, "HUMSS": 16.0, "ICT": 16.0}, "weighted_mean_resignation_rate": [0.5376277224759367, 0.4386415960032031, 0.30064460291692413], "weighted_mean_retention_rate": [1.0, 1.0, 1.0], "hires_needed": {"STEM": [0, 0, 0], "ABM": [0, 0, 0], "GAS": [0, 0, 0], "HUMSS": [0, 0, 0], "ICT": [0, 0, 0]}, "last_year": 2024, "evaluation": {"resignation_models": {}, "retention_models": {}}}

Resolved python script path: C:\Users\Rollin Jhay B. Abaja\Work-Allocation\backend\prediction\teacher_retention.py
Return code: 0
Error output:

Output:
{"resignations_forecast": {"STEM": [0.3935241425241426, 0.32942857142857107, 0.23368031968031935], "ABM": [0.44394153069153064, 0.37912720612720613, 0.25985614385614353], "GAS": [0, 0, 0], "HUMSS": [0.6206758519258512, 0.4894411976911974, 0.33617135642135615], "ICT": [0.7569047619047622, 0.6036190476190483, 0.4024285714285715]}, "retentions_forecast": {"STEM": [1.0, 1.0, 1.0], "ABM": [1.0, 1.0, 1.0], "GAS": [1, 1, 1], "HUMSS": [1.0, 1.0, 1.0], "ICT": [1.0, 1.0, 1.0]}, "resignations_count": {"STEM": [6.296386280386281, 5.270857142857137, 3.7388851148851097], "ABM": [6.65912296037296, 5.686908091908092, 3.897842157842153], "GAS": [0, 0, 0], "HUMSS": [8.068786075036066, 6.362735569985567, 4.37022763347763], "ICT": [9.082857142857147, 7.243428571428579, 4.829142857142858]}, "retentions_count": {"STEM": [16.0, 16.0, 16.0], "ABM": [15.0, 15.0, 15.0], "GAS": [0, 0, 0], "HUMSS": [13.0, 13.0, 13.0], "ICT": [12.0, 12.0, 12.0]}, "mean_historical_resignations": {"STEM": 3.111111111111111, "ABM": 3.111111111111111, "GAS": NaN, "HUMSS": 3.111111111111111, "ICT": 3.111111111111111}, "mean_historical_retentions": {"STEM": 16.0, "ABM": 16.0, "GAS": NaN, "HUMSS": 16.0, "ICT": 16.0}, "weighted_mean_resignation_rate": [0.5376277224759367, 0.4386415960032031, 0.30064460291692413], "weighted_mean_retention_rate": [1.0, 1.0, 1.0], "hires_needed": {"STEM": [0, 0, 0], "ABM": [0, 0, 0], "GAS": [0, 0, 0], "HUMSS": [0, 0, 0], "ICT": [0, 0, 0]}, "last_year": 2024, "evaluation": {"resignation_models": {}, "retention_models": {}}}

Resolved python script path: C:\Users\Rollin Jhay B. Abaja\Work-Allocation\backend\prediction\teacher_retention.py
Return code: 0
Error output:

Output:
{"resignations_forecast": {"STEM": [0.3935241425241426, 0.32942857142857107, 0.23368031968031935], "ABM": [0.44394153069153064, 0.37912720612720613, 0.25985614385614353], "GAS": [0, 0, 0], "HUMSS": [0.6206758519258512, 0.4894411976911974, 0.33617135642135615], "ICT": [0.7569047619047622, 0.6036190476190483, 0.4024285714285715]}, "retentions_forecast": {"STEM": [1.0, 1.0, 1.0], "ABM": [1.0, 1.0, 1.0], "GAS": [1, 1, 1], "HUMSS": [1.0, 1.0, 1.0], "ICT": [1.0, 1.0, 1.0]}, "resignations_count": {"STEM": [6.296386280386281, 5.270857142857137, 3.7388851148851097], "ABM": [6.65912296037296, 5.686908091908092, 3.897842157842153], "GAS": [0, 0, 0], "HUMSS": [8.068786075036066, 6.362735569985567, 4.37022763347763], "ICT": [9.082857142857147, 7.243428571428579, 4.829142857142858]}, "retentions_count": {"STEM": [16.0, 16.0, 16.0], "ABM": [15.0, 15.0, 15.0], "GAS": [0, 0, 0], "HUMSS": [13.0, 13.0, 13.0], "ICT": [12.0, 12.0, 12.0]}, "mean_historical_resignations": {"STEM": 3.111111111111111, "ABM": 3.111111111111111, "GAS": NaN, "HUMSS": 3.111111111111111, "ICT": 3.111111111111111}, "mean_historical_retentions": {"STEM": 16.0, "ABM": 16.0, "GAS": NaN, "HUMSS": 16.0, "ICT": 16.0}, "weighted_mean_resignation_rate": [0.5376277224759367, 0.4386415960032031, 0.30064460291692413], "weighted_mean_retention_rate": [1.0, 1.0, 1.0], "hires_needed": {"STEM": [0, 0, 0], "ABM": [0, 0, 0], "GAS": [0, 0, 0], "HUMSS": [0, 0, 0], "ICT": [0, 0, 0]}, "last_year": 2024, "evaluation": {"resignation_models": {}, "retention_models": {}}}

Resolved python script path: C:\Users\Rollin Jhay B. Abaja\Work-Allocation\backend\prediction\teacher_retention.py
Return code: 0
Error output:

Output:
{"resignations_forecast": {"STEM": [0.3935241425241426, 0.32942857142857107, 0.23368031968031935], "ABM": [0.44394153069153064, 0.37912720612720613, 0.25985614385614353], "GAS": [0, 0, 0], "HUMSS": [0.6206758519258512, 0.4894411976911974, 0.33617135642135615], "ICT": [0.7569047619047622, 0.6036190476190483, 0.4024285714285715]}, "retentions_forecast": {"STEM": [1.0, 1.0, 1.0], "ABM": [1.0, 1.0, 1.0], "GAS": [1, 1, 1], "HUMSS": [1.0, 1.0, 1.0], "ICT": [1.0, 1.0, 1.0]}, "resignations_count": {"STEM": [6.296386280386281, 5.270857142857137, 3.7388851148851097], "ABM": [6.65912296037296, 5.686908091908092, 3.897842157842153], "GAS": [0, 0, 0], "HUMSS": [8.068786075036066, 6.362735569985567, 4.37022763347763], "ICT": [9.082857142857147, 7.243428571428579, 4.829142857142858]}, "retentions_count": {"STEM": [16.0, 16.0, 16.0], "ABM": [15.0, 15.0, 15.0], "GAS": [0, 0, 0], "HUMSS": [13.0, 13.0, 13.0], "ICT": [12.0, 12.0, 12.0]}, "mean_historical_resignations": {"STEM": 3.111111111111111, "ABM": 3.111111111111111, "GAS": NaN, "HUMSS": 3.111111111111111, "ICT": 3.111111111111111}, "mean_historical_retentions": {"STEM": 16.0, "ABM": 16.0, "GAS": NaN, "HUMSS": 16.0, "ICT": 16.0}, "weighted_mean_resignation_rate": [0.5376277224759367, 0.4386415960032031, 0.30064460291692413], "weighted_mean_retention_rate": [1.0, 1.0, 1.0], "hires_needed": {"STEM": [0, 0, 0], "ABM": [0, 0, 0], "GAS": [0, 0, 0], "HUMSS": [0, 0, 0], "ICT": [0, 0, 0]}, "last_year": 2024, "evaluation": {"resignation_models": {}, "retention_models": {}}}

Resolved python script path: C:\Users\Rollin Jhay B. Abaja\Work-Allocation\backend\prediction\teacher_retention.py
Return code: 0
Error output:

Output:
{"resignations_forecast": {"STEM": [0.3935241425241426, 0.32942857142857107, 0.23368031968031935], "ABM": [0.44394153069153064, 0.37912720612720613, 0.25985614385614353], "GAS": [0, 0, 0], "HUMSS": [0.6206758519258512, 0.4894411976911974, 0.33617135642135615], "ICT": [0.7569047619047622, 0.6036190476190483, 0.4024285714285715]}, "retentions_forecast": {"STEM": [1.0, 1.0, 1.0], "ABM": [1.0, 1.0, 1.0], "GAS": [1, 1, 1], "HUMSS": [1.0, 1.0, 1.0], "ICT": [1.0, 1.0, 1.0]}, "resignations_count": {"STEM": [6.296386280386281, 5.270857142857137, 3.7388851148851097], "ABM": [6.65912296037296, 5.686908091908092, 3.897842157842153], "GAS": [0, 0, 0], "HUMSS": [8.068786075036066, 6.362735569985567, 4.37022763347763], "ICT": [9.082857142857147, 7.243428571428579, 4.829142857142858]}, "retentions_count": {"STEM": [16.0, 16.0, 16.0], "ABM": [15.0, 15.0, 15.0], "GAS": [0, 0, 0], "HUMSS": [13.0, 13.0, 13.0], "ICT": [12.0, 12.0, 12.0]}, "mean_historical_resignations": {"STEM": 3.111111111111111, "ABM": 3.111111111111111, "GAS": NaN, "HUMSS": 3.111111111111111, "ICT": 3.111111111111111}, "mean_historical_retentions": {"STEM": 16.0, "ABM": 16.0, "GAS": NaN, "HUMSS": 16.0, "ICT": 16.0}, "weighted_mean_resignation_rate": [0.5376277224759367, 0.4386415960032031, 0.30064460291692413], "weighted_mean_retention_rate": [1.0, 1.0, 1.0], "hires_needed": {"STEM": [0, 0, 0], "ABM": [0, 0, 0], "GAS": [0, 0, 0], "HUMSS": [0, 0, 0], "ICT": [0, 0, 0]}, "last_year": 2024, "evaluation": {"resignation_models": {}, "retention_models": {}}}

Resolved python script path: C:\Users\Rollin Jhay B. Abaja\Work-Allocation\backend\prediction\teacher_retention.py
Return code: 0
Error output:

Output:
{"resignations_forecast": {"STEM": [0.3935241425241426, 0.32942857142857107, 0.23368031968031935], "ABM": [0.44394153069153064, 0.37912720612720613, 0.25985614385614353], "GAS": [0, 0, 0], "HUMSS": [0.6206758519258512, 0.4894411976911974, 0.33617135642135615], "ICT": [0.7569047619047622, 0.6036190476190483, 0.4024285714285715]}, "retentions_forecast": {"STEM": [1.0, 1.0, 1.0], "ABM": [1.0, 1.0, 1.0], "GAS": [1, 1, 1], "HUMSS": [1.0, 1.0, 1.0], "ICT": [1.0, 1.0, 1.0]}, "resignations_count": {"STEM": [6.296386280386281, 5.270857142857137, 3.7388851148851097], "ABM": [6.65912296037296, 5.686908091908092, 3.897842157842153], "GAS": [0, 0, 0], "HUMSS": [8.068786075036066, 6.362735569985567, 4.37022763347763], "ICT": [9.082857142857147, 7.243428571428579, 4.829142857142858]}, "retentions_count": {"STEM": [16.0, 16.0, 16.0], "ABM": [15.0, 15.0, 15.0], "GAS": [0, 0, 0], "HUMSS": [13.0, 13.0, 13.0], "ICT": [12.0, 12.0, 12.0]}, "mean_historical_resignations": {"STEM": 3.111111111111111, "ABM": 3.111111111111111, "GAS": NaN, "HUMSS": 3.111111111111111, "ICT": 3.111111111111111}, "mean_historical_retentions": {"STEM": 16.0, "ABM": 16.0, "GAS": NaN, "HUMSS": 16.0, "ICT": 16.0}, "weighted_mean_resignation_rate": [0.5376277224759367, 0.4386415960032031, 0.30064460291692413], "weighted_mean_retention_rate": [1.0, 1.0, 1.0], "hires_needed": {"STEM": [0, 0, 0], "ABM": [0, 0, 0], "GAS": [0, 0, 0], "HUMSS": [0, 0, 0], "ICT": [0, 0, 0]}, "last_year": 2024, "evaluation": {"resignation_models": {}, "retention_models": {}}}

Resolved python script path: C:\Users\Rollin Jhay B. Abaja\Work-Allocation\backend\prediction\teacher_retention.py
Return code: 0
Error output:

Output:
{"resignations_forecast": {"STEM": [0.3935241425241426, 0.32942857142857107, 0.23368031968031935], "ABM": [0.44394153069153064, 0.37912720612720613, 0.25985614385614353], "GAS": [0, 0, 0], "HUMSS": [0.6206758519258512, 0.4894411976911974, 0.33617135642135615], "ICT": [0.7569047619047622, 0.6036190476190483, 0.4024285714285715]}, "retentions_forecast": {"STEM": [1.0, 1.0, 1.0], "ABM": [1.0, 1.0, 1.0], "GAS": [1, 1, 1], "HUMSS": [1.0, 1.0, 1.0], "ICT": [1.0, 1.0, 1.0]}, "resignations_count": {"STEM": [6.296386280386281, 5.270857142857137, 3.7388851148851097], "ABM": [6.65912296037296, 5.686908091908092, 3.897842157842153], "GAS": [0, 0, 0], "HUMSS": [8.068786075036066, 6.362735569985567, 4.37022763347763], "ICT": [9.082857142857147, 7.243428571428579, 4.829142857142858]}, "retentions_count": {"STEM": [16.0, 16.0, 16.0], "ABM": [15.0, 15.0, 15.0], "GAS": [0, 0, 0], "HUMSS": [13.0, 13.0, 13.0], "ICT": [12.0, 12.0, 12.0]}, "mean_historical_resignations": {"STEM": 3.111111111111111, "ABM": 3.111111111111111, "GAS": NaN, "HUMSS": 3.111111111111111, "ICT": 3.111111111111111}, "mean_historical_retentions": {"STEM": 16.0, "ABM": 16.0, "GAS": NaN, "HUMSS": 16.0, "ICT": 16.0}, "weighted_mean_resignation_rate": [0.5376277224759367, 0.4386415960032031, 0.30064460291692413], "weighted_mean_retention_rate": [1.0, 1.0, 1.0], "hires_needed": {"STEM": [0, 0, 0], "ABM": [0, 0, 0], "GAS": [0, 0, 0], "HUMSS": [0, 0, 0], "ICT": [0, 0, 0]}, "last_year": 2024, "evaluation": {"resignation_models": {}, "retention_models": {}}}

Resolved python script path: C:\Users\Rollin Jhay B. Abaja\Work-Allocation\backend\prediction\teacher_retention.py
Return code: 0
Error output:

Output:
{"resignations_forecast": {"STEM": [0.3935241425241426, 0.32942857142857107, 0.23368031968031935], "ABM": [0.44394153069153064, 0.37912720612720613, 0.25985614385614353], "GAS": [0, 0, 0], "HUMSS": [0.6206758519258512, 0.4894411976911974, 0.33617135642135615], "ICT": [0.7569047619047622, 0.6036190476190483, 0.4024285714285715]}, "retentions_forecast": {"STEM": [1.0, 1.0, 1.0], "ABM": [1.0, 1.0, 1.0], "GAS": [1, 1, 1], "HUMSS": [1.0, 1.0, 1.0], "ICT": [1.0, 1.0, 1.0]}, "resignations_count": {"STEM": [6.296386280386281, 5.270857142857137, 3.7388851148851097], "ABM": [6.65912296037296, 5.686908091908092, 3.897842157842153], "GAS": [0, 0, 0], "HUMSS": [8.068786075036066, 6.362735569985567, 4.37022763347763], "ICT": [9.082857142857147, 7.243428571428579, 4.829142857142858]}, "retentions_count": {"STEM": [16.0, 16.0, 16.0], "ABM": [15.0, 15.0, 15.0], "GAS": [0, 0, 0], "HUMSS": [13.0, 13.0, 13.0], "ICT": [12.0, 12.0, 12.0]}, "mean_historical_resignations": {"STEM": 3.111111111111111, "ABM": 3.111111111111111, "GAS": NaN, "HUMSS": 3.111111111111111, "ICT": 3.111111111111111}, "mean_historical_retentions": {"STEM": 16.0, "ABM": 16.0, "GAS": NaN, "HUMSS": 16.0, "ICT": 16.0}, "weighted_mean_resignation_rate": [0.5376277224759367, 0.4386415960032031, 0.30064460291692413], "weighted_mean_retention_rate": [1.0, 1.0, 1.0], "hires_needed": {"STEM": [0, 0, 0], "ABM": [0, 0, 0], "GAS": [0, 0, 0], "HUMSS": [0, 0, 0], "ICT": [0, 0, 0]}, "last_year": 2024, "evaluation": {"resignation_models": {}, "retention_models": {}}}

Resolved python script path: C:\Users\Rollin Jhay B. Abaja\Work-Allocation\backend\prediction\teacher_retention.py
Return code: 0
Error output:

Output:
{"resignations_forecast": {"STEM": [0.3935241425241426, 0.32942857142857107, 0.23368031968031935], "ABM": [0.44394153069153064, 0.37912720612720613, 0.25985614385614353], "GAS": [0, 0, 0], "HUMSS": [0.6206758519258512, 0.4894411976911974, 0.33617135642135615], "ICT": [0.7569047619047622, 0.6036190476190483, 0.4024285714285715]}, "retentions_forecast": {"STEM": [1.0, 1.0, 1.0], "ABM": [1.0, 1.0, 1.0], "GAS": [1, 1, 1], "HUMSS": [1.0, 1.0, 1.0], "ICT": [1.0, 1.0, 1.0]}, "resignations_count": {"STEM": [6.296386280386281, 5.270857142857137, 3.7388851148851097], "ABM": [6.65912296037296, 5.686908091908092, 3.897842157842153], "GAS": [0, 0, 0], "HUMSS": [8.068786075036066, 6.362735569985567, 4.37022763347763], "ICT": [9.082857142857147, 7.243428571428579, 4.829142857142858]}, "retentions_count": {"STEM": [16.0, 16.0, 16.0], "ABM": [15.0, 15.0, 15.0], "GAS": [0, 0, 0], "HUMSS": [13.0, 13.0, 13.0], "ICT": [12.0, 12.0, 12.0]}, "mean_historical_resignations": {"STEM": 3.111111111111111, "ABM": 3.111111111111111, "GAS": NaN, "HUMSS": 3.111111111111111, "ICT": 3.111111111111111}, "mean_historical_retentions": {"STEM": 16.0, "ABM": 16.0, "GAS": NaN, "HUMSS": 16.0, "ICT": 16.0}, "weighted_mean_resignation_rate": [0.5376277224759367, 0.4386415960032031, 0.30064460291692413], "weighted_mean_retention_rate": [1.0, 1.0, 1.0], "hires_needed": {"STEM": [0, 0, 0], "ABM": [0, 0, 0], "GAS": [0, 0, 0], "HUMSS": [0, 0, 0], "ICT": [0, 0, 0]}, "last_year": 2024, "evaluation": {"resignation_models": {}, "retention_models": {}}}

Resolved python script path: C:\Users\Rollin Jhay B. Abaja\Work-Allocation\backend\prediction\teacher_retention.py
Return code: 0
Error output:

Output:
{"resignations_forecast": {"STEM": [0.3935241425241426, 0.32942857142857107, 0.23368031968031935], "ABM": [0.44394153069153064, 0.37912720612720613, 0.25985614385614353], "GAS": [0, 0, 0], "HUMSS": [0.6206758519258512, 0.4894411976911974, 0.33617135642135615], "ICT": [0.7569047619047622, 0.6036190476190483, 0.4024285714285715]}, "retentions_forecast": {"STEM": [1.0, 1.0, 1.0], "ABM": [1.0, 1.0, 1.0], "GAS": [1, 1, 1], "HUMSS": [1.0, 1.0, 1.0], "ICT": [1.0, 1.0, 1.0]}, "resignations_count": {"STEM": [6.296386280386281, 5.270857142857137, 3.7388851148851097], "ABM": [6.65912296037296, 5.686908091908092, 3.897842157842153], "GAS": [0, 0, 0], "HUMSS": [8.068786075036066, 6.362735569985567, 4.37022763347763], "ICT": [9.082857142857147, 7.243428571428579, 4.829142857142858]}, "retentions_count": {"STEM": [16.0, 16.0, 16.0], "ABM": [15.0, 15.0, 15.0], "GAS": [0, 0, 0], "HUMSS": [13.0, 13.0, 13.0], "ICT": [12.0, 12.0, 12.0]}, "mean_historical_resignations": {"STEM": 3.111111111111111, "ABM": 3.111111111111111, "GAS": NaN, "HUMSS": 3.111111111111111, "ICT": 3.111111111111111}, "mean_historical_retentions": {"STEM": 16.0, "ABM": 16.0, "GAS": NaN, "HUMSS": 16.0, "ICT": 16.0}, "weighted_mean_resignation_rate": [0.5376277224759367, 0.4386415960032031, 0.30064460291692413], "weighted_mean_retention_rate": [1.0, 1.0, 1.0], "hires_needed": {"STEM": [0, 0, 0], "ABM": [0, 0, 0], "GAS": [0, 0, 0], "HUMSS": [0, 0, 0], "ICT": [0, 0, 0]}, "last_year": 2024, "evaluation": {"resignation_models": {}, "retention_models": {}}}

Resolved python script path: C:\Users\Rollin Jhay B. Abaja\Work-Allocation\backend\prediction\teacher_retention.py
Return code: 0
Error output:

Output:
{"resignations_forecast": {"STEM": [0.3935241425241426, 0.32942857142857107, 0.23368031968031935], "ABM": [0.44394153069153064, 0.37912720612720613, 0.25985614385614353], "GAS": [0, 0, 0], "HUMSS": [0.6206758519258512, 0.4894411976911974, 0.33617135642135615], "ICT": [0.7569047619047622, 0.6036190476190483, 0.4024285714285715]}, "retentions_forecast": {"STEM": [1.0, 1.0, 1.0], "ABM": [1.0, 1.0, 1.0], "GAS": [1, 1, 1], "HUMSS": [1.0, 1.0, 1.0], "ICT": [1.0, 1.0, 1.0]}, "resignations_count": {"STEM": [6.296386280386281, 5.270857142857137, 3.7388851148851097], "ABM": [6.65912296037296, 5.686908091908092, 3.897842157842153], "GAS": [0, 0, 0], "HUMSS": [8.068786075036066, 6.362735569985567, 4.37022763347763], "ICT": [9.082857142857147, 7.243428571428579, 4.829142857142858]}, "retentions_count": {"STEM": [16.0, 16.0, 16.0], "ABM": [15.0, 15.0, 15.0], "GAS": [0, 0, 0], "HUMSS": [13.0, 13.0, 13.0], "ICT": [12.0, 12.0, 12.0]}, "mean_historical_resignations": {"STEM": 3.111111111111111, "ABM": 3.111111111111111, "GAS": NaN, "HUMSS": 3.111111111111111, "ICT": 3.111111111111111}, "mean_historical_retentions": {"STEM": 16.0, "ABM": 16.0, "GAS": NaN, "HUMSS": 16.0, "ICT": 16.0}, "weighted_mean_resignation_rate": [0.5376277224759367, 0.4386415960032031, 0.30064460291692413], "weighted_mean_retention_rate": [1.0, 1.0, 1.0], "hires_needed": {"STEM": [0, 0, 0], "ABM": [0, 0, 0], "GAS": [0, 0, 0], "HUMSS": [0, 0, 0], "ICT": [0, 0, 0]}, "last_year": 2024, "evaluation": {"resignation_models": {}, "retention_models": {}}}

Resolved python script path: C:\Users\Rollin Jhay B. Abaja\Work-Allocation\backend\prediction\teacher_retention.py
Resolved python script path: C:\Users\Rollin Jhay B. Abaja\Work-Allocation\backend\prediction\teacher_retention.py
Resolved python script path: C:\Users\Rollin Jhay B. Abaja\Work-Allocation\backend\prediction\teacher_retention.py
Resolved python script path: C:\Users\Rollin Jhay B. Abaja\Work-Allocation\backend\prediction\teacher_retention.py
Resolved python script path: C:\Users\Rollin Jhay B. Abaja\Work-Allocation\backend\prediction\teacher_retention.py
Resolved python script path: C:\Users\Rollin Jhay B. Abaja\Work-Allocation\backend\prediction\teacher_retention.py
Resolved python script path: C:\Users\Rollin Jhay B. Abaja\Work-Allocation\backend\prediction\teacher_retention.py
Resolved python script path: C:\Users\Rollin Jhay B. Abaja\Work-Allocation\backend\prediction\teacher_retention.py
Resolved python script path: C:\Users\Rollin Jhay B. Abaja\Work-Allocation\backend\prediction\teacher_retention.py
Resolved python script path: C:\Users\Rollin Jhay B. Abaja\Work-Allocation\backend\prediction\teacher_retention.py
Resolved python script path: C:\Users\Rollin Jhay B. Abaja\Work-Allocation\backend\prediction\teacher_retention.py
Resolved python script path: C:\Users\Rollin Jhay B. Abaja\Work-Allocation\backend\prediction\teacher_retention.py
Resolved python script path: C:\Users\Rollin Jhay B. Abaja\Work-Allocation\backend\prediction\teacher_retention.py
Resolved python script path: C:\Users\Rollin Jhay B. Abaja\Work-Allocation\backend\prediction\teacher_retention.py
Resolved python script path: C:\Users\Rollin Jhay B. Abaja\Work-Allocation\backend\prediction\teacher_retention.py
Resolved python script path: C:\Users\Rollin Jhay B. Abaja\Work-Allocation\backend\prediction\teacher_retention.py
Resolved python script path: C:\Users\Rollin Jhay B. Abaja\Work-Allocation\backend\prediction\teacher_retention.py
Resolved python script path: C:\Users\Rollin Jhay B. Abaja\Work-Allocation\backend\prediction\teacher_retention.py
Resolved python script path: C:\Users\Rollin Jhay B. Abaja\Work-Allocation\backend\prediction\teacher_retention.py
Resolved python script path: C:\Users\Rollin Jhay B. Abaja\Work-Allocation\backend\prediction\teacher_retention.py
Resolved python script path: C:\Users\Rollin Jhay B. Abaja\Work-Allocation\backend\prediction\teacher_retention.py
Resolved python script path: C:\Users\Rollin Jhay B. Abaja\Work-Allocation\backend\prediction\teacher_retention.py
Resolved python script path: C:\Users\Rollin Jhay B. Abaja\Work-Allocation\backend\prediction\teacher_retention.py
Resolved python script path: C:\Users\Rollin Jhay B. Abaja\Work-Allocation\backend\prediction\teacher_retention.py
Resolved python script path: C:\Users\Rollin Jhay B. Abaja\Work-Allocation\backend\prediction\teacher_retention.py
Resolved python script path: C:\Users\Rollin Jhay B. Abaja\Work-Allocation\backend\prediction\teacher_retention.py
Resolved python script path: C:\Users\Rollin Jhay B. Abaja\Work-Allocation\backend\prediction\teacher_retention.py
Resolved python script path: C:\Users\Rollin Jhay B. Abaja\Work-Allocation\backend\prediction\teacher_retention.py
Resolved python script path: C:\Users\Rollin Jhay B. Abaja\Work-Allocation\backend\prediction\teacher_retention.py
Resolved python script path: C:\Users\Rollin Jhay B. Abaja\Work-Allocation\backend\prediction\teacher_retention.py
Resolved python script path: C:\Users\Rollin Jhay B. Abaja\Work-Allocation\backend\prediction\teacher_retention.py
Resolved python script path: C:\Users\Rollin Jhay B. Abaja\Work-Allocation\backend\prediction\teacher_retention.py
Resolved python script path: C:\Users\Rollin Jhay B. Abaja\Work-Allocation\backend\prediction\teacher_retention.py
Resolved python script path: C:\Users\Rollin Jhay B. Abaja\Work-Allocation\backend\prediction\teacher_retention.py
Resolved python script path: C:\Users\Rollin Jhay B. Abaja\Work-Allocation\backend\prediction\teacher_retention.py
Return code: 1
Error output:
Traceback (most recent call last):
  File "C:\Users\Rollin Jhay B. Abaja\Work-Allocation\backend\prediction\teacher_retention.py", line 24, in <module>
    from .prediction_recommendation import generate_prediction_recommendations
ImportError: attempted relative import with no known parent package

Output:

Resolved python script path: C:\Users\Rollin Jhay B. Abaja\Work-Allocation\backend\prediction\teacher_retention.py
Return code: 1
Error output:
Traceback (most recent call last):
  File "C:\Users\Rollin Jhay B. Abaja\Work-Allocation\backend\prediction\teacher_retention.py", line 24, in <module>
    from .prediction_recommendation import generate_prediction_recommendations
ImportError: attempted relative import with no known parent package

Output:

Resolved python script path: C:\Users\Rollin Jhay B. Abaja\Work-Allocation\backend\prediction\teacher_retention.py
Return code: 1
Error output:
Traceback (most recent call last):
  File "C:\Users\Rollin Jhay B. Abaja\Work-Allocation\backend\prediction\teacher_retention.py", line 24, in <module>
    from .prediction_recommendation import generate_prediction_recommendations
ImportError: attempted relative import with no known parent package

Output:

Resolved python script path: C:\Users\Rollin Jhay B. Abaja\Work-Allocation\backend\prediction\teacher_retention.py
Return code: 1
Error output:
Traceback (most recent call last):
  File "C:\Users\Rollin Jhay B. Abaja\Work-Allocation\backend\prediction\teacher_retention.py", line 24, in <module>
    from .prediction_recommendation import generate_prediction_recommendations
ImportError: attempted relative import with no known parent package

Output:

Resolved python script path: C:\Users\Rollin Jhay B. Abaja\Work-Allocation\backend\prediction\teacher_retention.py
Return code: 1
Error output:
Traceback (most recent call last):
  File "C:\Users\Rollin Jhay B. Abaja\Work-Allocation\backend\prediction\teacher_retention.py", line 24, in <module>
    from .prediction_recommendation import generate_prediction_recommendations
ImportError: attempted relative import with no known parent package

Output:

Resolved python script path: C:\Users\Rollin Jhay B. Abaja\Work-Allocation\backend\prediction\teacher_retention.py
Return code: 1
Error output:
Traceback (most recent call last):
  File "C:\Users\Rollin Jhay B. Abaja\Work-Allocation\backend\prediction\teacher_retention.py", line 24, in <module>
    from .prediction_recommendation import generate_prediction_recommendations
ImportError: attempted relative import with no known parent package

Output:

Resolved python script path: C:\Users\Rollin Jhay B. Abaja\Work-Allocation\backend\prediction\teacher_retention.py
Return code: 1
Error output:
Traceback (most recent call last):
  File "C:\Users\Rollin Jhay B. Abaja\Work-Allocation\backend\prediction\teacher_retention.py", line 24, in <module>
    from .prediction_recommendation import generate_prediction_recommendations
ImportError: attempted relative import with no known parent package

Output:

Resolved python script path: C:\Users\Rollin Jhay B. Abaja\Work-Allocation\backend\prediction\teacher_retention.py
Return code: 1
Error output:
Traceback (most recent call last):
  File "C:\Users\Rollin Jhay B. Abaja\Work-Allocation\backend\prediction\teacher_retention.py", line 24, in <module>
    from .prediction_recommendation import generate_prediction_recommendations
ImportError: attempted relative import with no known parent package

Output:

Resolved python script path: C:\Users\Rollin Jhay B. Abaja\Work-Allocation\backend\prediction\teacher_retention.py
Return code: 1
Error output:
Traceback (most recent call last):
  File "C:\Users\Rollin Jhay B. Abaja\Work-Allocation\backend\prediction\teacher_retention.py", line 24, in <module>
    from .prediction_recommendation import generate_prediction_recommendations
ImportError: attempted relative import with no known parent package

Output:

Resolved python script path: C:\Users\Rollin Jhay B. Abaja\Work-Allocation\backend\prediction\teacher_retention.py
Return code: 1
Error output:
Traceback (most recent call last):
  File "C:\Users\Rollin Jhay B. Abaja\Work-Allocation\backend\prediction\teacher_retention.py", line 24, in <module>
    from .prediction_recommendation import generate_prediction_recommendations
ImportError: attempted relative import with no known parent package

Output:

Resolved python script path: C:\Users\Rollin Jhay B. Abaja\Work-Allocation\backend\prediction\teacher_retention.py
Return code: 1
Error output:
Traceback (most recent call last):
  File "C:\Users\Rollin Jhay B. Abaja\Work-Allocation\backend\prediction\teacher_retention.py", line 24, in <module>
    from .prediction_recommendation import generate_prediction_recommendations
ImportError: attempted relative import with no known parent package

Output:

Resolved python script path: C:\Users\Rollin Jhay B. Abaja\Work-Allocation\backend\prediction\teacher_retention.py
Return code: 1
Error output:
Traceback (most recent call last):
  File "C:\Users\Rollin Jhay B. Abaja\Work-Allocation\backend\prediction\teacher_retention.py", line 24, in <module>
    from .prediction_recommendation import generate_prediction_recommendations
ImportError: attempted relative import with no known parent package

Output:

Resolved python script path: C:\Users\Rollin Jhay B. Abaja\Work-Allocation\backend\prediction\teacher_retention.py
Return code: 1
Error output:
Traceback (most recent call last):
  File "C:\Users\Rollin Jhay B. Abaja\Work-Allocation\backend\prediction\teacher_retention.py", line 24, in <module>
    from .prediction_recommendation import generate_prediction_recommendations
ImportError: attempted relative import with no known parent package

Output:

Resolved python script path: C:\Users\Rollin Jhay B. Abaja\Work-Allocation\backend\prediction\teacher_retention.py
Return code: 1
Error output:
Traceback (most recent call last):
  File "C:\Users\Rollin Jhay B. Abaja\Work-Allocation\backend\prediction\teacher_retention.py", line 24, in <module>
    from .prediction_recommendation import generate_prediction_recommendations
ImportError: attempted relative import with no known parent package

Output:

Resolved python script path: C:\Users\Rollin Jhay B. Abaja\Work-Allocation\backend\prediction\teacher_retention.py
Return code: 1
Error output:
Traceback (most recent call last):
  File "C:\Users\Rollin Jhay B. Abaja\Work-Allocation\backend\prediction\teacher_retention.py", line 24, in <module>
    from .prediction_recommendation import generate_prediction_recommendations
ImportError: attempted relative import with no known parent package

Output:

Resolved python script path: C:\Users\Rollin Jhay B. Abaja\Work-Allocation\backend\prediction\teacher_retention.py
Return code: 1
Error output:
Traceback (most recent call last):
  File "C:\Users\Rollin Jhay B. Abaja\Work-Allocation\backend\prediction\teacher_retention.py", line 24, in <module>
    from .prediction_recommendation import generate_prediction_recommendations
ImportError: attempted relative import with no known parent package

Output:

Resolved python script path: C:\Users\Rollin Jhay B. Abaja\Work-Allocation\backend\prediction\teacher_retention.py
Return code: 1
Error output:
Traceback (most recent call last):
  File "C:\Users\Rollin Jhay B. Abaja\Work-Allocation\backend\prediction\teacher_retention.py", line 24, in <module>
    from .prediction_recommendation import generate_prediction_recommendations
ImportError: attempted relative import with no known parent package

Output:

Resolved python script path: C:\Users\Rollin Jhay B. Abaja\Work-Allocation\backend\prediction\teacher_retention.py
Return code: 1
Error output:
Traceback (most recent call last):
  File "C:\Users\Rollin Jhay B. Abaja\Work-Allocation\backend\prediction\teacher_retention.py", line 24, in <module>
    from .prediction_recommendation import generate_prediction_recommendations
ImportError: attempted relative import with no known parent package

Output:

Resolved python script path: C:\Users\Rollin Jhay B. Abaja\Work-Allocation\backend\prediction\teacher_retention.py
Resolved python script path: C:\Users\Rollin Jhay B. Abaja\Work-Allocation\backend\prediction\teacher_retention.py
Resolved python script path: C:\Users\Rollin Jhay B. Abaja\Work-Allocation\backend\prediction\teacher_retention.py
Resolved python script path: C:\Users\Rollin Jhay B. Abaja\Work-Allocation\backend\prediction\teacher_retention.py
Resolved python script path: C:\Users\Rollin Jhay B. Abaja\Work-Allocation\backend\prediction\teacher_retention.py
Resolved python script path: C:\Users\Rollin Jhay B. Abaja\Work-Allocation\backend\prediction\teacher_retention.py
Resolved python script path: C:\Users\Rollin Jhay B. Abaja\Work-Allocation\backend\prediction\teacher_retention.py
Resolved python script path: C:\Users\Rollin Jhay B. Abaja\Work-Allocation\backend\prediction\teacher_retention.py
Resolved python script path: C:\Users\Rollin Jhay B. Abaja\Work-Allocation\backend\prediction\teacher_retention.py
Resolved python script path: C:\Users\Rollin Jhay B. Abaja\Work-Allocation\backend\prediction\teacher_retention.py
Resolved python script path: C:\Users\Rollin Jhay B. Abaja\Work-Allocation\backend\prediction\teacher_retention.py
Resolved python script path: C:\Users\Rollin Jhay B. Abaja\Work-Allocation\backend\prediction\teacher_retention.py
Resolved python script path: C:\Users\Rollin Jhay B. Abaja\Work-Allocation\backend\prediction\teacher_retention.py
Resolved python script path: C:\Users\Rollin Jhay B. Abaja\Work-Allocation\backend\prediction\teacher_retention.py
